-------------------------------------------------
Name: supportuser2
Log Start: 2024-10-29T14:51:48.724007300
Java Version: 23.0.1
Operating System: Windows 11
System Name: DESKTOP-KR6B0UD
-------------------------------------------------

2024-10-29 14:51:52.311 [main] INFO  BaseTest:27 - Attempting to log in with provided credentials.
2024-10-29 14:51:52.313 [main] INFO  LoginPage:29 - Waiting for username field to be visible
2024-10-29 14:52:01.384 [main] INFO  LoginPage:31 - Username field is now visible
2024-10-29 14:52:01.511 [main] INFO  LoginPage:35 - Username inserted successfully
2024-10-29 14:52:01.578 [main] INFO  LoginPage:39 - Password inserted successfully
2024-10-29 14:52:12.484 [main] INFO  LoginPage:43 - Login button clicked
2024-10-29 14:52:13.246 [main] INFO  LoginPage:48 - Signed in successfully, redirected to dashboard.
2024-10-29 14:52:13.247 [main] INFO  BaseTest:29 - Login successful.
2024-10-29 14:52:17.268 [main] INFO  MenuIcon:27 - Waiting for menu icon to appear
2024-10-29 14:52:17.361 [main] INFO  MenuIcon:29 - Menu icon clicked
2024-10-29 14:52:17.363 [main] INFO  BaseTest:45 - Clicked on menu icon.
2024-10-29 14:52:21.477 [main] INFO  CentralSetUp:32 - CRS RCY menu clicked
2024-10-29 14:53:02.481 [main] INFO  CentralSetUp:47 - Switched to new tab. The title of the new tab is: CruisePAL CRS
2024-10-29 14:53:02.481 [main] INFO  BaseTest:61 - Clicked on 'CRS RCY' to open a new tab.
2024-10-29 14:53:02.481 [main] INFO  BaseTest:62 - Switched to the new tab successfully.
2024-10-29 14:53:05.501 [main] INFO  Agency:45 - Clicking on Agencies field.
2024-10-29 14:53:07.868 [main] ERROR Agency:50 - Error in agency method: element click intercepted: Element <i _ngcontent-agr-c632="" class="icon icon-agencies"></i> is not clickable at point (276, 197). Other element would receive the click: <div _ngcontent-agr-c462="" class="ngx-spinner-overlay ng-tns-c462-0 ng-trigger ng-trigger-fadeIn ng-star-inserted ng-animating" style="background-color: rgba(51, 51, 51, 0.8); z-index: 99999; position: fixed;">...</div>
  (Session info: chrome=130.0.6723.70)
Build info: version: '4.25.0', revision: '8a8aea2337'
System info: os.name: 'Windows 11', os.arch: 'amd64', os.version: '10.0', java.version: '23.0.1'
Driver info: org.openqa.selenium.chrome.ChromeDriver
Command: [aa6e46147aec5e2f44453439baceb68f, clickElement {id=f.D3F432C00966AC577D0BC235BA306C4F.d.455AF671768C5AAE3DD575EBAEE3A646.e.146}]
Capabilities {acceptInsecureCerts: false, browserName: chrome, browserVersion: 130.0.6723.70, chrome: {chromedriverVersion: 130.0.6723.69 (3ec172b971b9..., userDataDir: C:\Users\EFFIAS~1\AppData\L...}, fedcm:accounts: true, goog:chromeOptions: {debuggerAddress: localhost:53055}, networkConnectionEnabled: false, pageLoadStrategy: normal, platformName: windows, proxy: Proxy(), se:cdp: ws://localhost:53055/devtoo..., se:cdpVersion: 130.0.6723.70, setWindowRect: true, strictFileInteractability: false, timeouts: {implicit: 0, pageLoad: 300000, script: 30000}, unhandledPromptBehavior: dismiss and notify, webauthn:extension:credBlob: true, webauthn:extension:largeBlob: true, webauthn:extension:minPinLength: true, webauthn:extension:prf: true, webauthn:virtualAuthenticators: true}
Element: [[ChromeDriver: chrome on windows (aa6e46147aec5e2f44453439baceb68f)] -> xpath: //i[@class='icon icon-agencies']]
Session ID: aa6e46147aec5e2f44453439baceb68f
org.openqa.selenium.ElementClickInterceptedException: element click intercepted: Element <i _ngcontent-agr-c632="" class="icon icon-agencies"></i> is not clickable at point (276, 197). Other element would receive the click: <div _ngcontent-agr-c462="" class="ngx-spinner-overlay ng-tns-c462-0 ng-trigger ng-trigger-fadeIn ng-star-inserted ng-animating" style="background-color: rgba(51, 51, 51, 0.8); z-index: 99999; position: fixed;">...</div>
  (Session info: chrome=130.0.6723.70)
Build info: version: '4.25.0', revision: '8a8aea2337'
System info: os.name: 'Windows 11', os.arch: 'amd64', os.version: '10.0', java.version: '23.0.1'
Driver info: org.openqa.selenium.chrome.ChromeDriver
Command: [aa6e46147aec5e2f44453439baceb68f, clickElement {id=f.D3F432C00966AC577D0BC235BA306C4F.d.455AF671768C5AAE3DD575EBAEE3A646.e.146}]
Capabilities {acceptInsecureCerts: false, browserName: chrome, browserVersion: 130.0.6723.70, chrome: {chromedriverVersion: 130.0.6723.69 (3ec172b971b9..., userDataDir: C:\Users\EFFIAS~1\AppData\L...}, fedcm:accounts: true, goog:chromeOptions: {debuggerAddress: localhost:53055}, networkConnectionEnabled: false, pageLoadStrategy: normal, platformName: windows, proxy: Proxy(), se:cdp: ws://localhost:53055/devtoo..., se:cdpVersion: 130.0.6723.70, setWindowRect: true, strictFileInteractability: false, timeouts: {implicit: 0, pageLoad: 300000, script: 30000}, unhandledPromptBehavior: dismiss and notify, webauthn:extension:credBlob: true, webauthn:extension:largeBlob: true, webauthn:extension:minPinLength: true, webauthn:extension:prf: true, webauthn:virtualAuthenticators: true}
Element: [[ChromeDriver: chrome on windows (aa6e46147aec5e2f44453439baceb68f)] -> xpath: //i[@class='icon icon-agencies']]
Session ID: aa6e46147aec5e2f44453439baceb68f
	at jdk.internal.reflect.DirectConstructorHandleAccessor.newInstance(DirectConstructorHandleAccessor.java:62) ~[?:?]
	at java.lang.reflect.Constructor.newInstanceWithCaller(Constructor.java:501) ~[?:?]
	at java.lang.reflect.Constructor.newInstance(Constructor.java:485) ~[?:?]
	at org.openqa.selenium.remote.ErrorCodec.decode(ErrorCodec.java:167) ~[selenium-remote-driver-4.25.0.jar:?]
	at org.openqa.selenium.remote.codec.w3c.W3CHttpResponseCodec.decode(W3CHttpResponseCodec.java:138) ~[selenium-remote-driver-4.25.0.jar:?]
	at org.openqa.selenium.remote.codec.w3c.W3CHttpResponseCodec.decode(W3CHttpResponseCodec.java:50) ~[selenium-remote-driver-4.25.0.jar:?]
	at org.openqa.selenium.remote.HttpCommandExecutor.execute(HttpCommandExecutor.java:190) ~[selenium-remote-driver-4.25.0.jar:?]
	at org.openqa.selenium.remote.service.DriverCommandExecutor.invokeExecute(DriverCommandExecutor.java:216) ~[selenium-remote-driver-4.25.0.jar:?]
	at org.openqa.selenium.remote.service.DriverCommandExecutor.execute(DriverCommandExecutor.java:174) ~[selenium-remote-driver-4.25.0.jar:?]
	at org.openqa.selenium.remote.RemoteWebDriver.execute(RemoteWebDriver.java:545) ~[selenium-remote-driver-4.25.0.jar:?]
	at org.openqa.selenium.remote.RemoteWebElement.execute(RemoteWebElement.java:223) ~[selenium-remote-driver-4.25.0.jar:?]
	at org.openqa.selenium.remote.RemoteWebElement.click(RemoteWebElement.java:76) ~[selenium-remote-driver-4.25.0.jar:?]
	at pages.Agency.agency(Agency.java:47) ~[test-classes/:?]
	at tests.BookingTest.agent(BookingTest.java:75) ~[test-classes/:?]
	at jdk.internal.reflect.DirectMethodHandleAccessor.invoke(DirectMethodHandleAccessor.java:103) ~[?:?]
	at java.lang.reflect.Method.invoke(Method.java:580) ~[?:?]
	at org.testng.internal.invokers.MethodInvocationHelper.invokeMethod(MethodInvocationHelper.java:141) ~[testng-7.10.0.jar:7.10.0]
	at org.testng.internal.invokers.TestInvoker.invokeMethod(TestInvoker.java:686) ~[testng-7.10.0.jar:7.10.0]
	at org.testng.internal.invokers.TestInvoker.invokeTestMethod(TestInvoker.java:230) ~[testng-7.10.0.jar:7.10.0]
	at org.testng.internal.invokers.MethodRunner.runInSequence(MethodRunner.java:63) ~[testng-7.10.0.jar:7.10.0]
	at org.testng.internal.invokers.TestInvoker$MethodInvocationAgent.invoke(TestInvoker.java:992) ~[testng-7.10.0.jar:7.10.0]
	at org.testng.internal.invokers.TestInvoker.invokeTestMethods(TestInvoker.java:203) ~[testng-7.10.0.jar:7.10.0]
	at org.testng.internal.invokers.TestMethodWorker.invokeTestMethods(TestMethodWorker.java:154) ~[testng-7.10.0.jar:7.10.0]
	at org.testng.internal.invokers.TestMethodWorker.run(TestMethodWorker.java:134) ~[testng-7.10.0.jar:7.10.0]
	at java.util.ArrayList.forEach(ArrayList.java:1597) [?:?]
	at org.testng.TestRunner.privateRun(TestRunner.java:739) [testng-7.10.0.jar:7.10.0]
	at org.testng.TestRunner.run(TestRunner.java:614) [testng-7.10.0.jar:7.10.0]
	at org.testng.SuiteRunner.runTest(SuiteRunner.java:421) [testng-7.10.0.jar:7.10.0]
	at org.testng.SuiteRunner.runSequentially(SuiteRunner.java:413) [testng-7.10.0.jar:7.10.0]
	at org.testng.SuiteRunner.privateRun(SuiteRunner.java:373) [testng-7.10.0.jar:7.10.0]
	at org.testng.SuiteRunner.run(SuiteRunner.java:312) [testng-7.10.0.jar:7.10.0]
	at org.testng.SuiteRunnerWorker.runSuite(SuiteRunnerWorker.java:52) [testng-7.10.0.jar:7.10.0]
	at org.testng.SuiteRunnerWorker.run(SuiteRunnerWorker.java:95) [testng-7.10.0.jar:7.10.0]
	at org.testng.TestNG.runSuitesSequentially(TestNG.java:1274) [testng-7.10.0.jar:7.10.0]
	at org.testng.TestNG.runSuitesLocally(TestNG.java:1208) [testng-7.10.0.jar:7.10.0]
	at org.testng.TestNG.runSuites(TestNG.java:1112) [testng-7.10.0.jar:7.10.0]
	at org.testng.TestNG.run(TestNG.java:1079) [testng-7.10.0.jar:7.10.0]
	at org.testng.remote.AbstractRemoteTestNG.run(AbstractRemoteTestNG.java:115) [testng-remote.jar:?]
	at org.testng.remote.RemoteTestNG.initAndRun(RemoteTestNG.java:293) [testng-remote.jar:?]
	at org.testng.remote.RemoteTestNG.main(RemoteTestNG.java:91) [testng-remote.jar:?]
-------------------------------------------------
Log End: 2024-10-29T14:53:09.289416100
-------------------------------------------------

-------------------------------------------------
Name: supportuser2
Log Start: 2024-10-29T14:57:37.735457
Java Version: 23.0.1
Operating System: Windows 11
System Name: DESKTOP-KR6B0UD
-------------------------------------------------

2024-10-29 14:57:40.866 [main] INFO  BaseTest:27 - Attempting to log in with provided credentials.
2024-10-29 14:57:40.868 [main] INFO  LoginPage:29 - Waiting for username field to be visible
2024-10-29 14:57:44.389 [main] INFO  LoginPage:31 - Username field is now visible
2024-10-29 14:57:44.488 [main] INFO  LoginPage:35 - Username inserted successfully
2024-10-29 14:57:44.558 [main] INFO  LoginPage:39 - Password inserted successfully
2024-10-29 14:57:49.329 [main] INFO  LoginPage:43 - Login button clicked
2024-10-29 14:57:50.511 [main] INFO  LoginPage:48 - Signed in successfully, redirected to dashboard.
2024-10-29 14:57:50.511 [main] INFO  BaseTest:29 - Login successful.
2024-10-29 14:57:54.536 [main] INFO  MenuIcon:27 - Waiting for menu icon to appear
2024-10-29 14:57:54.647 [main] INFO  MenuIcon:29 - Menu icon clicked
2024-10-29 14:57:54.648 [main] INFO  BaseTest:45 - Clicked on menu icon.
2024-10-29 14:57:58.744 [main] INFO  CentralSetUp:32 - CRS RCY menu clicked
2024-10-29 14:58:06.157 [main] INFO  CentralSetUp:47 - Switched to new tab. The title of the new tab is: CruisePAL CRS
2024-10-29 14:58:06.157 [main] INFO  BaseTest:61 - Clicked on 'CRS RCY' to open a new tab.
2024-10-29 14:58:06.157 [main] INFO  BaseTest:62 - Switched to the new tab successfully.
2024-10-29 14:58:09.173 [main] INFO  Agency:45 - Clicking on Agencies field.
2024-10-29 14:58:11.291 [main] ERROR Agency:50 - Error in agency method: element click intercepted: Element <div _ngcontent-rij-c632="" class="d-flex align-items-center flex-column tab-link gap-2">...</div> is not clickable at point (276, 208). Other element would receive the click: <div _ngcontent-rij-c462="" class="ngx-spinner-overlay ng-tns-c462-0 ng-trigger ng-trigger-fadeIn ng-star-inserted" style="background-color: rgba(51, 51, 51, 0.8); z-index: 99999; position: fixed; opacity: 1;">...</div>
  (Session info: chrome=130.0.6723.70)
Build info: version: '4.25.0', revision: '8a8aea2337'
System info: os.name: 'Windows 11', os.arch: 'amd64', os.version: '10.0', java.version: '23.0.1'
Driver info: org.openqa.selenium.chrome.ChromeDriver
Command: [24a6bbc1b67e6b9fb461a66ba7bc4a5b, clickElement {id=f.299F3A59E022FF8EEA0A4E1FA29AA8DE.d.D879E9F5B67C23C9379679488D8BE6EB.e.152}]
Capabilities {acceptInsecureCerts: false, browserName: chrome, browserVersion: 130.0.6723.70, chrome: {chromedriverVersion: 130.0.6723.69 (3ec172b971b9..., userDataDir: C:\Users\EFFIAS~1\AppData\L...}, fedcm:accounts: true, goog:chromeOptions: {debuggerAddress: localhost:53209}, networkConnectionEnabled: false, pageLoadStrategy: normal, platformName: windows, proxy: Proxy(), se:cdp: ws://localhost:53209/devtoo..., se:cdpVersion: 130.0.6723.70, setWindowRect: true, strictFileInteractability: false, timeouts: {implicit: 0, pageLoad: 300000, script: 30000}, unhandledPromptBehavior: dismiss and notify, webauthn:extension:credBlob: true, webauthn:extension:largeBlob: true, webauthn:extension:minPinLength: true, webauthn:extension:prf: true, webauthn:virtualAuthenticators: true}
Element: [[ChromeDriver: chrome on windows (24a6bbc1b67e6b9fb461a66ba7bc4a5b)] -> xpath: (//div[@class='d-flex align-items-center flex-column tab-link gap-2'])[3]]
Session ID: 24a6bbc1b67e6b9fb461a66ba7bc4a5b
org.openqa.selenium.ElementClickInterceptedException: element click intercepted: Element <div _ngcontent-rij-c632="" class="d-flex align-items-center flex-column tab-link gap-2">...</div> is not clickable at point (276, 208). Other element would receive the click: <div _ngcontent-rij-c462="" class="ngx-spinner-overlay ng-tns-c462-0 ng-trigger ng-trigger-fadeIn ng-star-inserted" style="background-color: rgba(51, 51, 51, 0.8); z-index: 99999; position: fixed; opacity: 1;">...</div>
  (Session info: chrome=130.0.6723.70)
Build info: version: '4.25.0', revision: '8a8aea2337'
System info: os.name: 'Windows 11', os.arch: 'amd64', os.version: '10.0', java.version: '23.0.1'
Driver info: org.openqa.selenium.chrome.ChromeDriver
Command: [24a6bbc1b67e6b9fb461a66ba7bc4a5b, clickElement {id=f.299F3A59E022FF8EEA0A4E1FA29AA8DE.d.D879E9F5B67C23C9379679488D8BE6EB.e.152}]
Capabilities {acceptInsecureCerts: false, browserName: chrome, browserVersion: 130.0.6723.70, chrome: {chromedriverVersion: 130.0.6723.69 (3ec172b971b9..., userDataDir: C:\Users\EFFIAS~1\AppData\L...}, fedcm:accounts: true, goog:chromeOptions: {debuggerAddress: localhost:53209}, networkConnectionEnabled: false, pageLoadStrategy: normal, platformName: windows, proxy: Proxy(), se:cdp: ws://localhost:53209/devtoo..., se:cdpVersion: 130.0.6723.70, setWindowRect: true, strictFileInteractability: false, timeouts: {implicit: 0, pageLoad: 300000, script: 30000}, unhandledPromptBehavior: dismiss and notify, webauthn:extension:credBlob: true, webauthn:extension:largeBlob: true, webauthn:extension:minPinLength: true, webauthn:extension:prf: true, webauthn:virtualAuthenticators: true}
Element: [[ChromeDriver: chrome on windows (24a6bbc1b67e6b9fb461a66ba7bc4a5b)] -> xpath: (//div[@class='d-flex align-items-center flex-column tab-link gap-2'])[3]]
Session ID: 24a6bbc1b67e6b9fb461a66ba7bc4a5b
	at jdk.internal.reflect.DirectConstructorHandleAccessor.newInstance(DirectConstructorHandleAccessor.java:62) ~[?:?]
	at java.lang.reflect.Constructor.newInstanceWithCaller(Constructor.java:501) ~[?:?]
	at java.lang.reflect.Constructor.newInstance(Constructor.java:485) ~[?:?]
	at org.openqa.selenium.remote.ErrorCodec.decode(ErrorCodec.java:167) ~[selenium-remote-driver-4.25.0.jar:?]
	at org.openqa.selenium.remote.codec.w3c.W3CHttpResponseCodec.decode(W3CHttpResponseCodec.java:138) ~[selenium-remote-driver-4.25.0.jar:?]
	at org.openqa.selenium.remote.codec.w3c.W3CHttpResponseCodec.decode(W3CHttpResponseCodec.java:50) ~[selenium-remote-driver-4.25.0.jar:?]
	at org.openqa.selenium.remote.HttpCommandExecutor.execute(HttpCommandExecutor.java:190) ~[selenium-remote-driver-4.25.0.jar:?]
	at org.openqa.selenium.remote.service.DriverCommandExecutor.invokeExecute(DriverCommandExecutor.java:216) ~[selenium-remote-driver-4.25.0.jar:?]
	at org.openqa.selenium.remote.service.DriverCommandExecutor.execute(DriverCommandExecutor.java:174) ~[selenium-remote-driver-4.25.0.jar:?]
	at org.openqa.selenium.remote.RemoteWebDriver.execute(RemoteWebDriver.java:545) ~[selenium-remote-driver-4.25.0.jar:?]
	at org.openqa.selenium.remote.RemoteWebElement.execute(RemoteWebElement.java:223) ~[selenium-remote-driver-4.25.0.jar:?]
	at org.openqa.selenium.remote.RemoteWebElement.click(RemoteWebElement.java:76) ~[selenium-remote-driver-4.25.0.jar:?]
	at pages.Agency.agency(Agency.java:47) ~[test-classes/:?]
	at tests.BookingTest.agent(BookingTest.java:75) ~[test-classes/:?]
	at jdk.internal.reflect.DirectMethodHandleAccessor.invoke(DirectMethodHandleAccessor.java:103) ~[?:?]
	at java.lang.reflect.Method.invoke(Method.java:580) ~[?:?]
	at org.testng.internal.invokers.MethodInvocationHelper.invokeMethod(MethodInvocationHelper.java:141) ~[testng-7.10.0.jar:7.10.0]
	at org.testng.internal.invokers.TestInvoker.invokeMethod(TestInvoker.java:686) ~[testng-7.10.0.jar:7.10.0]
	at org.testng.internal.invokers.TestInvoker.invokeTestMethod(TestInvoker.java:230) ~[testng-7.10.0.jar:7.10.0]
	at org.testng.internal.invokers.MethodRunner.runInSequence(MethodRunner.java:63) ~[testng-7.10.0.jar:7.10.0]
	at org.testng.internal.invokers.TestInvoker$MethodInvocationAgent.invoke(TestInvoker.java:992) ~[testng-7.10.0.jar:7.10.0]
	at org.testng.internal.invokers.TestInvoker.invokeTestMethods(TestInvoker.java:203) ~[testng-7.10.0.jar:7.10.0]
	at org.testng.internal.invokers.TestMethodWorker.invokeTestMethods(TestMethodWorker.java:154) ~[testng-7.10.0.jar:7.10.0]
	at org.testng.internal.invokers.TestMethodWorker.run(TestMethodWorker.java:134) ~[testng-7.10.0.jar:7.10.0]
	at java.util.ArrayList.forEach(ArrayList.java:1597) [?:?]
	at org.testng.TestRunner.privateRun(TestRunner.java:739) [testng-7.10.0.jar:7.10.0]
	at org.testng.TestRunner.run(TestRunner.java:614) [testng-7.10.0.jar:7.10.0]
	at org.testng.SuiteRunner.runTest(SuiteRunner.java:421) [testng-7.10.0.jar:7.10.0]
	at org.testng.SuiteRunner.runSequentially(SuiteRunner.java:413) [testng-7.10.0.jar:7.10.0]
	at org.testng.SuiteRunner.privateRun(SuiteRunner.java:373) [testng-7.10.0.jar:7.10.0]
	at org.testng.SuiteRunner.run(SuiteRunner.java:312) [testng-7.10.0.jar:7.10.0]
	at org.testng.SuiteRunnerWorker.runSuite(SuiteRunnerWorker.java:52) [testng-7.10.0.jar:7.10.0]
	at org.testng.SuiteRunnerWorker.run(SuiteRunnerWorker.java:95) [testng-7.10.0.jar:7.10.0]
	at org.testng.TestNG.runSuitesSequentially(TestNG.java:1274) [testng-7.10.0.jar:7.10.0]
	at org.testng.TestNG.runSuitesLocally(TestNG.java:1208) [testng-7.10.0.jar:7.10.0]
	at org.testng.TestNG.runSuites(TestNG.java:1112) [testng-7.10.0.jar:7.10.0]
	at org.testng.TestNG.run(TestNG.java:1079) [testng-7.10.0.jar:7.10.0]
	at org.testng.remote.AbstractRemoteTestNG.run(AbstractRemoteTestNG.java:115) [testng-remote.jar:?]
	at org.testng.remote.RemoteTestNG.initAndRun(RemoteTestNG.java:293) [testng-remote.jar:?]
	at org.testng.remote.RemoteTestNG.main(RemoteTestNG.java:91) [testng-remote.jar:?]
-------------------------------------------------
Log End: 2024-10-29T14:58:11.902720
-------------------------------------------------

-------------------------------------------------
Name: supportuser2
Log Start: 2024-10-29T15:11:10.896750900
Java Version: 23.0.1
Operating System: Windows 11
System Name: DESKTOP-KR6B0UD
-------------------------------------------------

2024-10-29 15:11:13.524 [main] INFO  BaseTest:27 - Attempting to log in with provided credentials.
2024-10-29 15:11:13.526 [main] INFO  LoginPage:29 - Waiting for username field to be visible
2024-10-29 15:11:17.851 [main] INFO  LoginPage:31 - Username field is now visible
2024-10-29 15:11:17.949 [main] INFO  LoginPage:35 - Username inserted successfully
2024-10-29 15:11:18.018 [main] INFO  LoginPage:39 - Password inserted successfully
2024-10-29 15:11:18.706 [main] INFO  LoginPage:43 - Login button clicked
2024-10-29 15:12:18.763 [main] ERROR LoginPage:52 - Login failed: Error message displayed
2024-10-29 15:12:18.763 [main] ERROR BaseTest:31 - Login failed at: Login failed due to incorrect credentials.
java.lang.Exception: Login failed due to incorrect credentials.
	at pages.LoginPage.login(LoginPage.java:53) ~[test-classes/:?]
	at tests.BookingTest.login(BookingTest.java:28) ~[test-classes/:?]
	at jdk.internal.reflect.DirectMethodHandleAccessor.invoke(DirectMethodHandleAccessor.java:103) ~[?:?]
	at java.lang.reflect.Method.invoke(Method.java:580) ~[?:?]
	at org.testng.internal.invokers.MethodInvocationHelper.invokeMethod(MethodInvocationHelper.java:141) ~[testng-7.10.0.jar:7.10.0]
	at org.testng.internal.invokers.TestInvoker.invokeMethod(TestInvoker.java:686) ~[testng-7.10.0.jar:7.10.0]
	at org.testng.internal.invokers.TestInvoker.invokeTestMethod(TestInvoker.java:230) ~[testng-7.10.0.jar:7.10.0]
	at org.testng.internal.invokers.MethodRunner.runInSequence(MethodRunner.java:63) ~[testng-7.10.0.jar:7.10.0]
	at org.testng.internal.invokers.TestInvoker$MethodInvocationAgent.invoke(TestInvoker.java:992) ~[testng-7.10.0.jar:7.10.0]
	at org.testng.internal.invokers.TestInvoker.invokeTestMethods(TestInvoker.java:203) ~[testng-7.10.0.jar:7.10.0]
	at org.testng.internal.invokers.TestMethodWorker.invokeTestMethods(TestMethodWorker.java:154) ~[testng-7.10.0.jar:7.10.0]
	at org.testng.internal.invokers.TestMethodWorker.run(TestMethodWorker.java:134) ~[testng-7.10.0.jar:7.10.0]
	at java.util.ArrayList.forEach(ArrayList.java:1597) [?:?]
	at org.testng.TestRunner.privateRun(TestRunner.java:739) [testng-7.10.0.jar:7.10.0]
	at org.testng.TestRunner.run(TestRunner.java:614) [testng-7.10.0.jar:7.10.0]
	at org.testng.SuiteRunner.runTest(SuiteRunner.java:421) [testng-7.10.0.jar:7.10.0]
	at org.testng.SuiteRunner.runSequentially(SuiteRunner.java:413) [testng-7.10.0.jar:7.10.0]
	at org.testng.SuiteRunner.privateRun(SuiteRunner.java:373) [testng-7.10.0.jar:7.10.0]
	at org.testng.SuiteRunner.run(SuiteRunner.java:312) [testng-7.10.0.jar:7.10.0]
	at org.testng.SuiteRunnerWorker.runSuite(SuiteRunnerWorker.java:52) [testng-7.10.0.jar:7.10.0]
	at org.testng.SuiteRunnerWorker.run(SuiteRunnerWorker.java:95) [testng-7.10.0.jar:7.10.0]
	at org.testng.TestNG.runSuitesSequentially(TestNG.java:1274) [testng-7.10.0.jar:7.10.0]
	at org.testng.TestNG.runSuitesLocally(TestNG.java:1208) [testng-7.10.0.jar:7.10.0]
	at org.testng.TestNG.runSuites(TestNG.java:1112) [testng-7.10.0.jar:7.10.0]
	at org.testng.TestNG.run(TestNG.java:1079) [testng-7.10.0.jar:7.10.0]
	at org.testng.remote.AbstractRemoteTestNG.run(AbstractRemoteTestNG.java:115) [testng-remote.jar:?]
	at org.testng.remote.RemoteTestNG.initAndRun(RemoteTestNG.java:293) [testng-remote.jar:?]
	at org.testng.remote.RemoteTestNG.main(RemoteTestNG.java:91) [testng-remote.jar:?]
-------------------------------------------------
Log End: 2024-10-29T15:12:20.016043500
-------------------------------------------------

-------------------------------------------------
Name: supportuser2
Log Start: 2024-10-29T15:15:45.164627500
Java Version: 23.0.1
Operating System: Windows 11
System Name: DESKTOP-KR6B0UD
-------------------------------------------------

2024-10-29 15:15:47.701 [main] INFO  BaseTest:27 - Attempting to log in with provided credentials.
2024-10-29 15:15:47.703 [main] INFO  LoginPage:29 - Waiting for username field to be visible
2024-10-29 15:15:51.776 [main] INFO  LoginPage:31 - Username field is now visible
2024-10-29 15:15:51.908 [main] INFO  LoginPage:35 - Username inserted successfully
2024-10-29 15:15:51.984 [main] INFO  LoginPage:39 - Password inserted successfully
2024-10-29 15:15:52.511 [main] INFO  LoginPage:43 - Login button clicked
2024-10-29 15:15:57.306 [main] INFO  LoginPage:48 - Signed in successfully, redirected to dashboard.
2024-10-29 15:15:57.307 [main] INFO  BaseTest:29 - Login successful.
2024-10-29 15:16:01.329 [main] INFO  MenuIcon:27 - Waiting for menu icon to appear
2024-10-29 15:16:01.430 [main] INFO  MenuIcon:29 - Menu icon clicked
2024-10-29 15:16:01.430 [main] INFO  BaseTest:45 - Clicked on menu icon.
2024-10-29 15:16:05.548 [main] INFO  CentralSetUp:32 - CRS RCY menu clicked
2024-10-29 15:16:13.426 [main] INFO  CentralSetUp:47 - Switched to new tab. The title of the new tab is: CruisePAL CRS
2024-10-29 15:16:13.427 [main] INFO  BaseTest:61 - Clicked on 'CRS RCY' to open a new tab.
2024-10-29 15:16:13.427 [main] INFO  BaseTest:62 - Switched to the new tab successfully.
2024-10-29 15:17:20.939 [main] INFO  Agency:47 - Overlay disappeared.
2024-10-29 15:17:20.939 [main] INFO  BaseTest:76 - Waiting for the overlay to end
2024-10-29 15:17:23.952 [main] INFO  Agency:57 - Clicking on Agencies field.
2024-10-29 15:17:24.133 [main] INFO  Agency:60 - Agencies field clicked successfully.
2024-10-29 15:17:24.133 [main] INFO  BaseTest:85 - Clicked on Agency option.
2024-10-29 15:17:26.139 [main] INFO  Agency:75 - Extracting total agents and retrieving agent names.
2024-10-29 15:18:26.382 [main] ERROR Agency:126 - Error in agent method: Expected condition failed: waiting for visibility of element located by By.xpath: //a[@class='fs-12 ng-star-inserted'] (tried for 30 second(s) with 500 milliseconds interval)
Build info: version: '4.25.0', revision: '8a8aea2337'
System info: os.name: 'Windows 11', os.arch: 'amd64', os.version: '10.0', java.version: '23.0.1'
Driver info: org.openqa.selenium.chrome.ChromeDriver
Capabilities {acceptInsecureCerts: false, browserName: chrome, browserVersion: 130.0.6723.70, chrome: {chromedriverVersion: 130.0.6723.69 (3ec172b971b9..., userDataDir: C:\Users\EFFIAS~1\AppData\L...}, fedcm:accounts: true, goog:chromeOptions: {debuggerAddress: localhost:53347}, networkConnectionEnabled: false, pageLoadStrategy: normal, platformName: windows, proxy: Proxy(), se:cdp: ws://localhost:53347/devtoo..., se:cdpVersion: 130.0.6723.70, setWindowRect: true, strictFileInteractability: false, timeouts: {implicit: 0, pageLoad: 300000, script: 30000}, unhandledPromptBehavior: dismiss and notify, webauthn:extension:credBlob: true, webauthn:extension:largeBlob: true, webauthn:extension:minPinLength: true, webauthn:extension:prf: true, webauthn:virtualAuthenticators: true}
Session ID: cd17455286eabbb62a961a25771565b3
org.openqa.selenium.TimeoutException: Expected condition failed: waiting for visibility of element located by By.xpath: //a[@class='fs-12 ng-star-inserted'] (tried for 30 second(s) with 500 milliseconds interval)
Build info: version: '4.25.0', revision: '8a8aea2337'
System info: os.name: 'Windows 11', os.arch: 'amd64', os.version: '10.0', java.version: '23.0.1'
Driver info: org.openqa.selenium.chrome.ChromeDriver
Capabilities {acceptInsecureCerts: false, browserName: chrome, browserVersion: 130.0.6723.70, chrome: {chromedriverVersion: 130.0.6723.69 (3ec172b971b9..., userDataDir: C:\Users\EFFIAS~1\AppData\L...}, fedcm:accounts: true, goog:chromeOptions: {debuggerAddress: localhost:53347}, networkConnectionEnabled: false, pageLoadStrategy: normal, platformName: windows, proxy: Proxy(), se:cdp: ws://localhost:53347/devtoo..., se:cdpVersion: 130.0.6723.70, setWindowRect: true, strictFileInteractability: false, timeouts: {implicit: 0, pageLoad: 300000, script: 30000}, unhandledPromptBehavior: dismiss and notify, webauthn:extension:credBlob: true, webauthn:extension:largeBlob: true, webauthn:extension:minPinLength: true, webauthn:extension:prf: true, webauthn:virtualAuthenticators: true}
Session ID: cd17455286eabbb62a961a25771565b3
	at org.openqa.selenium.support.ui.WebDriverWait.timeoutException(WebDriverWait.java:84) ~[selenium-support-4.25.0.jar:?]
	at org.openqa.selenium.support.ui.FluentWait.until(FluentWait.java:228) ~[selenium-support-4.25.0.jar:?]
	at pages.Agency.agent(Agency.java:78) ~[test-classes/:?]
	at tests.BookingTest.agent(BookingTest.java:93) ~[test-classes/:?]
	at jdk.internal.reflect.DirectMethodHandleAccessor.invoke(DirectMethodHandleAccessor.java:103) ~[?:?]
	at java.lang.reflect.Method.invoke(Method.java:580) ~[?:?]
	at org.testng.internal.invokers.MethodInvocationHelper.invokeMethod(MethodInvocationHelper.java:141) ~[testng-7.10.0.jar:7.10.0]
	at org.testng.internal.invokers.TestInvoker.invokeMethod(TestInvoker.java:686) ~[testng-7.10.0.jar:7.10.0]
	at org.testng.internal.invokers.TestInvoker.invokeTestMethod(TestInvoker.java:230) ~[testng-7.10.0.jar:7.10.0]
	at org.testng.internal.invokers.MethodRunner.runInSequence(MethodRunner.java:63) ~[testng-7.10.0.jar:7.10.0]
	at org.testng.internal.invokers.TestInvoker$MethodInvocationAgent.invoke(TestInvoker.java:992) ~[testng-7.10.0.jar:7.10.0]
	at org.testng.internal.invokers.TestInvoker.invokeTestMethods(TestInvoker.java:203) ~[testng-7.10.0.jar:7.10.0]
	at org.testng.internal.invokers.TestMethodWorker.invokeTestMethods(TestMethodWorker.java:154) ~[testng-7.10.0.jar:7.10.0]
	at org.testng.internal.invokers.TestMethodWorker.run(TestMethodWorker.java:134) ~[testng-7.10.0.jar:7.10.0]
	at java.util.ArrayList.forEach(ArrayList.java:1597) [?:?]
	at org.testng.TestRunner.privateRun(TestRunner.java:739) [testng-7.10.0.jar:7.10.0]
	at org.testng.TestRunner.run(TestRunner.java:614) [testng-7.10.0.jar:7.10.0]
	at org.testng.SuiteRunner.runTest(SuiteRunner.java:421) [testng-7.10.0.jar:7.10.0]
	at org.testng.SuiteRunner.runSequentially(SuiteRunner.java:413) [testng-7.10.0.jar:7.10.0]
	at org.testng.SuiteRunner.privateRun(SuiteRunner.java:373) [testng-7.10.0.jar:7.10.0]
	at org.testng.SuiteRunner.run(SuiteRunner.java:312) [testng-7.10.0.jar:7.10.0]
	at org.testng.SuiteRunnerWorker.runSuite(SuiteRunnerWorker.java:52) [testng-7.10.0.jar:7.10.0]
	at org.testng.SuiteRunnerWorker.run(SuiteRunnerWorker.java:95) [testng-7.10.0.jar:7.10.0]
	at org.testng.TestNG.runSuitesSequentially(TestNG.java:1274) [testng-7.10.0.jar:7.10.0]
	at org.testng.TestNG.runSuitesLocally(TestNG.java:1208) [testng-7.10.0.jar:7.10.0]
	at org.testng.TestNG.runSuites(TestNG.java:1112) [testng-7.10.0.jar:7.10.0]
	at org.testng.TestNG.run(TestNG.java:1079) [testng-7.10.0.jar:7.10.0]
	at org.testng.remote.AbstractRemoteTestNG.run(AbstractRemoteTestNG.java:115) [testng-remote.jar:?]
	at org.testng.remote.RemoteTestNG.initAndRun(RemoteTestNG.java:293) [testng-remote.jar:?]
	at org.testng.remote.RemoteTestNG.main(RemoteTestNG.java:91) [testng-remote.jar:?]
-------------------------------------------------
Log End: 2024-10-29T15:18:26.912517900
-------------------------------------------------

