2024-10-24 17:31:06.777 [main] INFO  BaseTest:28 - Attempting to log in with provided credentials.
2024-10-24 17:31:06.779 [main] INFO  LoginPage:28 - Waiting for username field to be visible
2024-10-24 17:31:09.967 [main] INFO  LoginPage:30 - Username field is now visible
2024-10-24 17:31:10.091 [main] INFO  LoginPage:34 - Username inserted successfully
2024-10-24 17:31:10.179 [main] INFO  LoginPage:38 - Password inserted successfully
2024-10-24 17:31:10.596 [main] INFO  LoginPage:42 - Login button clicked
2024-10-24 17:32:10.671 [main] ERROR BaseTest:32 - Login failed at: Expected condition failed: waiting for visibility of element located by By.xpath: //div[@class='error-message'] (tried for 60 second(s) with 500 milliseconds interval)
Build info: version: '4.25.0', revision: '8a8aea2337'
System info: os.name: 'Windows 11', os.arch: 'amd64', os.version: '10.0', java.version: '23.0.1'
Driver info: org.openqa.selenium.chrome.ChromeDriver
Capabilities {acceptInsecureCerts: false, browserName: chrome, browserVersion: 130.0.6723.69, chrome: {chromedriverVersion: 130.0.6723.69 (3ec172b971b9..., userDataDir: C:\Users\EFFIAS~1\AppData\L...}, fedcm:accounts: true, goog:chromeOptions: {debuggerAddress: localhost:55776}, networkConnectionEnabled: false, pageLoadStrategy: normal, platformName: windows, proxy: Proxy(), se:cdp: ws://localhost:55776/devtoo..., se:cdpVersion: 130.0.6723.69, setWindowRect: true, strictFileInteractability: false, timeouts: {implicit: 0, pageLoad: 300000, script: 30000}, unhandledPromptBehavior: dismiss and notify, webauthn:extension:credBlob: true, webauthn:extension:largeBlob: true, webauthn:extension:minPinLength: true, webauthn:extension:prf: true, webauthn:virtualAuthenticators: true}
Session ID: c0336d827db0bdd49a626f9df4689152
org.openqa.selenium.TimeoutException: Expected condition failed: waiting for visibility of element located by By.xpath: //div[@class='error-message'] (tried for 60 second(s) with 500 milliseconds interval)
Build info: version: '4.25.0', revision: '8a8aea2337'
System info: os.name: 'Windows 11', os.arch: 'amd64', os.version: '10.0', java.version: '23.0.1'
Driver info: org.openqa.selenium.chrome.ChromeDriver
Capabilities {acceptInsecureCerts: false, browserName: chrome, browserVersion: 130.0.6723.69, chrome: {chromedriverVersion: 130.0.6723.69 (3ec172b971b9..., userDataDir: C:\Users\EFFIAS~1\AppData\L...}, fedcm:accounts: true, goog:chromeOptions: {debuggerAddress: localhost:55776}, networkConnectionEnabled: false, pageLoadStrategy: normal, platformName: windows, proxy: Proxy(), se:cdp: ws://localhost:55776/devtoo..., se:cdpVersion: 130.0.6723.69, setWindowRect: true, strictFileInteractability: false, timeouts: {implicit: 0, pageLoad: 300000, script: 30000}, unhandledPromptBehavior: dismiss and notify, webauthn:extension:credBlob: true, webauthn:extension:largeBlob: true, webauthn:extension:minPinLength: true, webauthn:extension:prf: true, webauthn:virtualAuthenticators: true}
Session ID: c0336d827db0bdd49a626f9df4689152
	at org.openqa.selenium.support.ui.WebDriverWait.timeoutException(WebDriverWait.java:84) ~[selenium-support-4.25.0.jar:?]
	at org.openqa.selenium.support.ui.FluentWait.until(FluentWait.java:228) ~[selenium-support-4.25.0.jar:?]
	at pages.LoginPage.login(LoginPage.java:45) ~[test-classes/:?]
	at tests.BookingTest.login(BookingTest.java:29) ~[test-classes/:?]
	at jdk.internal.reflect.DirectMethodHandleAccessor.invoke(DirectMethodHandleAccessor.java:103) ~[?:?]
	at java.lang.reflect.Method.invoke(Method.java:580) ~[?:?]
	at org.testng.internal.invokers.MethodInvocationHelper.invokeMethod(MethodInvocationHelper.java:141) ~[testng-7.10.0.jar:7.10.0]
	at org.testng.internal.invokers.TestInvoker.invokeMethod(TestInvoker.java:686) ~[testng-7.10.0.jar:7.10.0]
	at org.testng.internal.invokers.TestInvoker.invokeTestMethod(TestInvoker.java:230) ~[testng-7.10.0.jar:7.10.0]
	at org.testng.internal.invokers.MethodRunner.runInSequence(MethodRunner.java:63) ~[testng-7.10.0.jar:7.10.0]
	at org.testng.internal.invokers.TestInvoker$MethodInvocationAgent.invoke(TestInvoker.java:992) ~[testng-7.10.0.jar:7.10.0]
	at org.testng.internal.invokers.TestInvoker.invokeTestMethods(TestInvoker.java:203) ~[testng-7.10.0.jar:7.10.0]
	at org.testng.internal.invokers.TestMethodWorker.invokeTestMethods(TestMethodWorker.java:154) ~[testng-7.10.0.jar:7.10.0]
	at org.testng.internal.invokers.TestMethodWorker.run(TestMethodWorker.java:134) ~[testng-7.10.0.jar:7.10.0]
	at java.util.ArrayList.forEach(ArrayList.java:1597) [?:?]
	at org.testng.TestRunner.privateRun(TestRunner.java:739) [testng-7.10.0.jar:7.10.0]
	at org.testng.TestRunner.run(TestRunner.java:614) [testng-7.10.0.jar:7.10.0]
	at org.testng.SuiteRunner.runTest(SuiteRunner.java:421) [testng-7.10.0.jar:7.10.0]
	at org.testng.SuiteRunner.runSequentially(SuiteRunner.java:413) [testng-7.10.0.jar:7.10.0]
	at org.testng.SuiteRunner.privateRun(SuiteRunner.java:373) [testng-7.10.0.jar:7.10.0]
	at org.testng.SuiteRunner.run(SuiteRunner.java:312) [testng-7.10.0.jar:7.10.0]
	at org.testng.SuiteRunnerWorker.runSuite(SuiteRunnerWorker.java:52) [testng-7.10.0.jar:7.10.0]
	at org.testng.SuiteRunnerWorker.run(SuiteRunnerWorker.java:95) [testng-7.10.0.jar:7.10.0]
	at org.testng.TestNG.runSuitesSequentially(TestNG.java:1274) [testng-7.10.0.jar:7.10.0]
	at org.testng.TestNG.runSuitesLocally(TestNG.java:1208) [testng-7.10.0.jar:7.10.0]
	at org.testng.TestNG.runSuites(TestNG.java:1112) [testng-7.10.0.jar:7.10.0]
	at org.testng.TestNG.run(TestNG.java:1079) [testng-7.10.0.jar:7.10.0]
	at org.testng.remote.AbstractRemoteTestNG.run(AbstractRemoteTestNG.java:115) [testng-remote.jar:?]
	at org.testng.remote.RemoteTestNG.initAndRun(RemoteTestNG.java:293) [testng-remote.jar:?]
	at org.testng.remote.RemoteTestNG.main(RemoteTestNG.java:91) [testng-remote.jar:?]
2024-10-24 17:35:55.709 [main] INFO  BaseTest:27 - Attempting to log in with provided credentials.
2024-10-24 17:35:55.712 [main] INFO  LoginPage:28 - Waiting for username field to be visible
2024-10-24 17:35:59.389 [main] INFO  LoginPage:30 - Username field is now visible
2024-10-24 17:35:59.528 [main] INFO  LoginPage:34 - Username inserted successfully
2024-10-24 17:35:59.619 [main] INFO  LoginPage:38 - Password inserted successfully
2024-10-24 17:36:00.050 [main] INFO  LoginPage:42 - Login button clicked
2024-10-24 17:37:00.064 [main] INFO  LoginPage:49 - Login successful
2024-10-24 17:37:00.065 [main] INFO  BaseTest:29 - Login successful.
2024-10-24 17:37:04.083 [main] INFO  MenuIcon:27 - Waiting for menu icon to appear
2024-10-24 17:37:04.370 [main] INFO  MenuIcon:29 - Menu icon clicked
2024-10-24 17:37:04.371 [main] INFO  BaseTest:45 - Clicked on menu icon.
2024-10-24 17:37:08.560 [main] INFO  CentralSetUp:32 - CRS RCY menu clicked
2024-10-24 17:37:11.836 [main] INFO  CentralSetUp:47 - Switched to new tab. The title of the new tab is: CruisePAL CRS
2024-10-24 17:37:11.836 [main] INFO  BaseTest:61 - Clicked on 'CRS RCY' to open a new tab.
2024-10-24 17:37:11.836 [main] INFO  BaseTest:62 - Switched to the new tab successfully.
2024-10-24 17:37:14.847 [main] INFO  Agency:45 - Clicking on Agencies field.
2024-10-24 17:38:14.927 [main] ERROR Agency:50 - Error in agency method: Expected condition failed: waiting for element to be clickable: By.xpath: //i[@class='icon icon-agencies'] (tried for 30 second(s) with 500 milliseconds interval)
Build info: version: '4.25.0', revision: '8a8aea2337'
System info: os.name: 'Windows 11', os.arch: 'amd64', os.version: '10.0', java.version: '23.0.1'
Driver info: org.openqa.selenium.chrome.ChromeDriver
Capabilities {acceptInsecureCerts: false, browserName: chrome, browserVersion: 130.0.6723.69, chrome: {chromedriverVersion: 130.0.6723.69 (3ec172b971b9..., userDataDir: C:\Users\EFFIAS~1\AppData\L...}, fedcm:accounts: true, goog:chromeOptions: {debuggerAddress: localhost:55892}, networkConnectionEnabled: false, pageLoadStrategy: normal, platformName: windows, proxy: Proxy(), se:cdp: ws://localhost:55892/devtoo..., se:cdpVersion: 130.0.6723.69, setWindowRect: true, strictFileInteractability: false, timeouts: {implicit: 0, pageLoad: 300000, script: 30000}, unhandledPromptBehavior: dismiss and notify, webauthn:extension:credBlob: true, webauthn:extension:largeBlob: true, webauthn:extension:minPinLength: true, webauthn:extension:prf: true, webauthn:virtualAuthenticators: true}
Session ID: a099c7375442bce4ce63a001d9ee6197
org.openqa.selenium.TimeoutException: Expected condition failed: waiting for element to be clickable: By.xpath: //i[@class='icon icon-agencies'] (tried for 30 second(s) with 500 milliseconds interval)
Build info: version: '4.25.0', revision: '8a8aea2337'
System info: os.name: 'Windows 11', os.arch: 'amd64', os.version: '10.0', java.version: '23.0.1'
Driver info: org.openqa.selenium.chrome.ChromeDriver
Capabilities {acceptInsecureCerts: false, browserName: chrome, browserVersion: 130.0.6723.69, chrome: {chromedriverVersion: 130.0.6723.69 (3ec172b971b9..., userDataDir: C:\Users\EFFIAS~1\AppData\L...}, fedcm:accounts: true, goog:chromeOptions: {debuggerAddress: localhost:55892}, networkConnectionEnabled: false, pageLoadStrategy: normal, platformName: windows, proxy: Proxy(), se:cdp: ws://localhost:55892/devtoo..., se:cdpVersion: 130.0.6723.69, setWindowRect: true, strictFileInteractability: false, timeouts: {implicit: 0, pageLoad: 300000, script: 30000}, unhandledPromptBehavior: dismiss and notify, webauthn:extension:credBlob: true, webauthn:extension:largeBlob: true, webauthn:extension:minPinLength: true, webauthn:extension:prf: true, webauthn:virtualAuthenticators: true}
Session ID: a099c7375442bce4ce63a001d9ee6197
	at org.openqa.selenium.support.ui.WebDriverWait.timeoutException(WebDriverWait.java:84) ~[selenium-support-4.25.0.jar:?]
	at org.openqa.selenium.support.ui.FluentWait.until(FluentWait.java:228) ~[selenium-support-4.25.0.jar:?]
	at pages.Agency.agency(Agency.java:46) ~[test-classes/:?]
	at tests.BookingTest.agent(BookingTest.java:75) ~[test-classes/:?]
	at jdk.internal.reflect.DirectMethodHandleAccessor.invoke(DirectMethodHandleAccessor.java:103) ~[?:?]
	at java.lang.reflect.Method.invoke(Method.java:580) ~[?:?]
	at org.testng.internal.invokers.MethodInvocationHelper.invokeMethod(MethodInvocationHelper.java:141) ~[testng-7.10.0.jar:7.10.0]
	at org.testng.internal.invokers.TestInvoker.invokeMethod(TestInvoker.java:686) ~[testng-7.10.0.jar:7.10.0]
	at org.testng.internal.invokers.TestInvoker.invokeTestMethod(TestInvoker.java:230) ~[testng-7.10.0.jar:7.10.0]
	at org.testng.internal.invokers.MethodRunner.runInSequence(MethodRunner.java:63) ~[testng-7.10.0.jar:7.10.0]
	at org.testng.internal.invokers.TestInvoker$MethodInvocationAgent.invoke(TestInvoker.java:992) ~[testng-7.10.0.jar:7.10.0]
	at org.testng.internal.invokers.TestInvoker.invokeTestMethods(TestInvoker.java:203) ~[testng-7.10.0.jar:7.10.0]
	at org.testng.internal.invokers.TestMethodWorker.invokeTestMethods(TestMethodWorker.java:154) ~[testng-7.10.0.jar:7.10.0]
	at org.testng.internal.invokers.TestMethodWorker.run(TestMethodWorker.java:134) ~[testng-7.10.0.jar:7.10.0]
	at java.util.ArrayList.forEach(ArrayList.java:1597) [?:?]
	at org.testng.TestRunner.privateRun(TestRunner.java:739) [testng-7.10.0.jar:7.10.0]
	at org.testng.TestRunner.run(TestRunner.java:614) [testng-7.10.0.jar:7.10.0]
	at org.testng.SuiteRunner.runTest(SuiteRunner.java:421) [testng-7.10.0.jar:7.10.0]
	at org.testng.SuiteRunner.runSequentially(SuiteRunner.java:413) [testng-7.10.0.jar:7.10.0]
	at org.testng.SuiteRunner.privateRun(SuiteRunner.java:373) [testng-7.10.0.jar:7.10.0]
	at org.testng.SuiteRunner.run(SuiteRunner.java:312) [testng-7.10.0.jar:7.10.0]
	at org.testng.SuiteRunnerWorker.runSuite(SuiteRunnerWorker.java:52) [testng-7.10.0.jar:7.10.0]
	at org.testng.SuiteRunnerWorker.run(SuiteRunnerWorker.java:95) [testng-7.10.0.jar:7.10.0]
	at org.testng.TestNG.runSuitesSequentially(TestNG.java:1274) [testng-7.10.0.jar:7.10.0]
	at org.testng.TestNG.runSuitesLocally(TestNG.java:1208) [testng-7.10.0.jar:7.10.0]
	at org.testng.TestNG.runSuites(TestNG.java:1112) [testng-7.10.0.jar:7.10.0]
	at org.testng.TestNG.run(TestNG.java:1079) [testng-7.10.0.jar:7.10.0]
	at org.testng.remote.AbstractRemoteTestNG.run(AbstractRemoteTestNG.java:115) [testng-remote.jar:?]
	at org.testng.remote.RemoteTestNG.initAndRun(RemoteTestNG.java:293) [testng-remote.jar:?]
	at org.testng.remote.RemoteTestNG.main(RemoteTestNG.java:91) [testng-remote.jar:?]
2024-10-24 17:40:41.854 [main] INFO  BaseTest:27 - Attempting to log in with provided credentials.
2024-10-24 17:40:41.856 [main] INFO  LoginPage:39 - Waiting for username field to be visible
2024-10-24 17:41:24.246 [main] ERROR BaseTest:31 - Login failed at: Error communicating with the remote browser. It may have died.
Build info: version: '4.25.0', revision: '8a8aea2337'
System info: os.name: 'Windows 11', os.arch: 'amd64', os.version: '10.0', java.version: '23.0.1'
Driver info: org.openqa.selenium.chrome.ChromeDriver
Command: [8fcff552b290e655f2a63a3fb775b200, findElement [using, value]]
Capabilities {acceptInsecureCerts: false, browserName: chrome, browserVersion: 130.0.6723.69, chrome: {chromedriverVersion: 130.0.6723.69 (3ec172b971b9..., userDataDir: C:\Users\EFFIAS~1\AppData\L...}, fedcm:accounts: true, goog:chromeOptions: {debuggerAddress: localhost:56115}, networkConnectionEnabled: false, pageLoadStrategy: normal, platformName: windows, proxy: Proxy(), se:cdp: ws://localhost:56115/devtoo..., se:cdpVersion: 130.0.6723.69, setWindowRect: true, strictFileInteractability: false, timeouts: {implicit: 0, pageLoad: 300000, script: 30000}, unhandledPromptBehavior: dismiss and notify, webauthn:extension:credBlob: true, webauthn:extension:largeBlob: true, webauthn:extension:minPinLength: true, webauthn:extension:prf: true, webauthn:virtualAuthenticators: true}
Session ID: 8fcff552b290e655f2a63a3fb775b200
org.openqa.selenium.remote.UnreachableBrowserException: Error communicating with the remote browser. It may have died.
Build info: version: '4.25.0', revision: '8a8aea2337'
System info: os.name: 'Windows 11', os.arch: 'amd64', os.version: '10.0', java.version: '23.0.1'
Driver info: org.openqa.selenium.chrome.ChromeDriver
Command: [8fcff552b290e655f2a63a3fb775b200, findElement [using, value]]
Capabilities {acceptInsecureCerts: false, browserName: chrome, browserVersion: 130.0.6723.69, chrome: {chromedriverVersion: 130.0.6723.69 (3ec172b971b9..., userDataDir: C:\Users\EFFIAS~1\AppData\L...}, fedcm:accounts: true, goog:chromeOptions: {debuggerAddress: localhost:56115}, networkConnectionEnabled: false, pageLoadStrategy: normal, platformName: windows, proxy: Proxy(), se:cdp: ws://localhost:56115/devtoo..., se:cdpVersion: 130.0.6723.69, setWindowRect: true, strictFileInteractability: false, timeouts: {implicit: 0, pageLoad: 300000, script: 30000}, unhandledPromptBehavior: dismiss and notify, webauthn:extension:credBlob: true, webauthn:extension:largeBlob: true, webauthn:extension:minPinLength: true, webauthn:extension:prf: true, webauthn:virtualAuthenticators: true}
Session ID: 8fcff552b290e655f2a63a3fb775b200
	at org.openqa.selenium.remote.RemoteWebDriver.execute(RemoteWebDriver.java:572) ~[selenium-remote-driver-4.25.0.jar:?]
	at org.openqa.selenium.remote.ElementLocation$ElementFinder$2.findElement(ElementLocation.java:165) ~[selenium-remote-driver-4.25.0.jar:?]
	at org.openqa.selenium.remote.ElementLocation.findElement(ElementLocation.java:66) ~[selenium-remote-driver-4.25.0.jar:?]
	at org.openqa.selenium.remote.RemoteWebDriver.findElement(RemoteWebDriver.java:368) ~[selenium-remote-driver-4.25.0.jar:?]
	at org.openqa.selenium.remote.RemoteWebDriver.findElement(RemoteWebDriver.java:362) ~[selenium-remote-driver-4.25.0.jar:?]
	at org.openqa.selenium.support.ui.ExpectedConditions$7.apply(ExpectedConditions.java:194) ~[selenium-support-4.25.0.jar:?]
	at org.openqa.selenium.support.ui.ExpectedConditions$7.apply(ExpectedConditions.java:190) ~[selenium-support-4.25.0.jar:?]
	at org.openqa.selenium.support.ui.FluentWait.until(FluentWait.java:203) ~[selenium-support-4.25.0.jar:?]
	at pages.LoginPage.login(LoginPage.java:40) ~[test-classes/:?]
	at tests.BookingTest.login(BookingTest.java:28) ~[test-classes/:?]
	at jdk.internal.reflect.DirectMethodHandleAccessor.invoke(DirectMethodHandleAccessor.java:103) ~[?:?]
	at java.lang.reflect.Method.invoke(Method.java:580) ~[?:?]
	at org.testng.internal.invokers.MethodInvocationHelper.invokeMethod(MethodInvocationHelper.java:141) ~[testng-7.10.0.jar:7.10.0]
	at org.testng.internal.invokers.TestInvoker.invokeMethod(TestInvoker.java:686) ~[testng-7.10.0.jar:7.10.0]
	at org.testng.internal.invokers.TestInvoker.invokeTestMethod(TestInvoker.java:230) ~[testng-7.10.0.jar:7.10.0]
	at org.testng.internal.invokers.MethodRunner.runInSequence(MethodRunner.java:63) ~[testng-7.10.0.jar:7.10.0]
	at org.testng.internal.invokers.TestInvoker$MethodInvocationAgent.invoke(TestInvoker.java:992) ~[testng-7.10.0.jar:7.10.0]
	at org.testng.internal.invokers.TestInvoker.invokeTestMethods(TestInvoker.java:203) ~[testng-7.10.0.jar:7.10.0]
	at org.testng.internal.invokers.TestMethodWorker.invokeTestMethods(TestMethodWorker.java:154) ~[testng-7.10.0.jar:7.10.0]
	at org.testng.internal.invokers.TestMethodWorker.run(TestMethodWorker.java:134) ~[testng-7.10.0.jar:7.10.0]
	at java.util.ArrayList.forEach(ArrayList.java:1597) [?:?]
	at org.testng.TestRunner.privateRun(TestRunner.java:739) [testng-7.10.0.jar:7.10.0]
	at org.testng.TestRunner.run(TestRunner.java:614) [testng-7.10.0.jar:7.10.0]
	at org.testng.SuiteRunner.runTest(SuiteRunner.java:421) [testng-7.10.0.jar:7.10.0]
	at org.testng.SuiteRunner.runSequentially(SuiteRunner.java:413) [testng-7.10.0.jar:7.10.0]
	at org.testng.SuiteRunner.privateRun(SuiteRunner.java:373) [testng-7.10.0.jar:7.10.0]
	at org.testng.SuiteRunner.run(SuiteRunner.java:312) [testng-7.10.0.jar:7.10.0]
	at org.testng.SuiteRunnerWorker.runSuite(SuiteRunnerWorker.java:52) [testng-7.10.0.jar:7.10.0]
	at org.testng.SuiteRunnerWorker.run(SuiteRunnerWorker.java:95) [testng-7.10.0.jar:7.10.0]
	at org.testng.TestNG.runSuitesSequentially(TestNG.java:1274) [testng-7.10.0.jar:7.10.0]
	at org.testng.TestNG.runSuitesLocally(TestNG.java:1208) [testng-7.10.0.jar:7.10.0]
	at org.testng.TestNG.runSuites(TestNG.java:1112) [testng-7.10.0.jar:7.10.0]
	at org.testng.TestNG.run(TestNG.java:1079) [testng-7.10.0.jar:7.10.0]
	at org.testng.remote.AbstractRemoteTestNG.run(AbstractRemoteTestNG.java:115) [testng-remote.jar:?]
	at org.testng.remote.RemoteTestNG.initAndRun(RemoteTestNG.java:293) [testng-remote.jar:?]
	at org.testng.remote.RemoteTestNG.main(RemoteTestNG.java:91) [testng-remote.jar:?]
Caused by: java.io.UncheckedIOException: java.io.IOException: HTTP/1.1 header parser received no bytes
	at org.openqa.selenium.remote.http.jdk.JdkHttpClient.execute0(JdkHttpClient.java:458) ~[selenium-http-4.25.0.jar:?]
	at org.openqa.selenium.remote.http.AddSeleniumUserAgent.lambda$apply$0(AddSeleniumUserAgent.java:42) ~[selenium-http-4.25.0.jar:?]
	at org.openqa.selenium.remote.http.Filter.lambda$andFinally$1(Filter.java:55) ~[selenium-http-4.25.0.jar:?]
	at org.openqa.selenium.remote.http.jdk.JdkHttpClient.execute(JdkHttpClient.java:374) ~[selenium-http-4.25.0.jar:?]
	at org.openqa.selenium.remote.HttpCommandExecutor.execute(HttpCommandExecutor.java:187) ~[selenium-remote-driver-4.25.0.jar:?]
	at org.openqa.selenium.remote.service.DriverCommandExecutor.invokeExecute(DriverCommandExecutor.java:216) ~[selenium-remote-driver-4.25.0.jar:?]
	at org.openqa.selenium.remote.service.DriverCommandExecutor.execute(DriverCommandExecutor.java:174) ~[selenium-remote-driver-4.25.0.jar:?]
	at org.openqa.selenium.remote.RemoteWebDriver.execute(RemoteWebDriver.java:545) ~[selenium-remote-driver-4.25.0.jar:?]
	... 35 more
Caused by: java.io.IOException: HTTP/1.1 header parser received no bytes
	at jdk.internal.net.http.common.Utils.wrapWithExtraDetail(Utils.java:440) ~[java.net.http:?]
	at jdk.internal.net.http.Http1Response$HeadersReader.onReadError(Http1Response.java:590) ~[java.net.http:?]
	at jdk.internal.net.http.Http1AsyncReceiver.checkForErrors(Http1AsyncReceiver.java:302) ~[java.net.http:?]
	at jdk.internal.net.http.Http1AsyncReceiver.flush(Http1AsyncReceiver.java:268) ~[java.net.http:?]
	at jdk.internal.net.http.common.SequentialScheduler$LockingRestartableTask.run(SequentialScheduler.java:182) ~[java.net.http:?]
	at jdk.internal.net.http.common.SequentialScheduler$CompleteRestartableTask.run(SequentialScheduler.java:149) ~[java.net.http:?]
	at jdk.internal.net.http.common.SequentialScheduler$SchedulableTask.run(SequentialScheduler.java:207) ~[java.net.http:?]
	at java.util.concurrent.ThreadPoolExecutor.runWorker(ThreadPoolExecutor.java:1144) ~[?:?]
	at java.util.concurrent.ThreadPoolExecutor$Worker.run(ThreadPoolExecutor.java:642) ~[?:?]
	at java.lang.Thread.run(Thread.java:1575) ~[?:?]
Caused by: java.net.SocketException: Connection reset
	at sun.nio.ch.SocketChannelImpl.throwConnectionReset(SocketChannelImpl.java:403) ~[?:?]
	at sun.nio.ch.SocketChannelImpl.implRead(SocketChannelImpl.java:435) ~[?:?]
	at sun.nio.ch.SocketChannelImpl.read(SocketChannelImpl.java:493) ~[?:?]
	at jdk.internal.net.http.SocketTube.readAvailable(SocketTube.java:1178) ~[java.net.http:?]
	at jdk.internal.net.http.SocketTube$InternalReadPublisher$InternalReadSubscription.read(SocketTube.java:841) ~[java.net.http:?]
	at jdk.internal.net.http.SocketTube$SocketFlowTask.run(SocketTube.java:181) ~[java.net.http:?]
	at jdk.internal.net.http.common.SequentialScheduler$SchedulableTask.run(SequentialScheduler.java:207) ~[java.net.http:?]
	at jdk.internal.net.http.common.SequentialScheduler.runOrSchedule(SequentialScheduler.java:280) ~[java.net.http:?]
	at jdk.internal.net.http.common.SequentialScheduler.runOrSchedule(SequentialScheduler.java:233) ~[java.net.http:?]
	at jdk.internal.net.http.SocketTube$InternalReadPublisher$InternalReadSubscription.signalReadable(SocketTube.java:782) ~[java.net.http:?]
	at jdk.internal.net.http.SocketTube$InternalReadPublisher$ReadEvent.signalEvent(SocketTube.java:965) ~[java.net.http:?]
	at jdk.internal.net.http.SocketTube$SocketFlowEvent.handle(SocketTube.java:253) ~[java.net.http:?]
	at jdk.internal.net.http.HttpClientImpl$SelectorManager.handleEvent(HttpClientImpl.java:1478) ~[java.net.http:?]
	at jdk.internal.net.http.HttpClientImpl$SelectorManager.lambda$run$3(HttpClientImpl.java:1423) ~[java.net.http:?]
	at java.util.ArrayList.forEach(ArrayList.java:1597) ~[?:?]
	at jdk.internal.net.http.HttpClientImpl$SelectorManager.run(HttpClientImpl.java:1423) ~[java.net.http:?]
2024-10-24 17:42:00.055 [main] INFO  BaseTest:27 - Attempting to log in with provided credentials.
2024-10-24 17:42:00.067 [main] INFO  LoginPage:39 - Waiting for username field to be visible
2024-10-24 17:42:10.376 [main] ERROR BaseTest:31 - Login failed at: Expected condition failed: waiting for visibility of element located by By.id: username (tried for 10 second(s) with 500 milliseconds interval)
org.openqa.selenium.TimeoutException: Expected condition failed: waiting for visibility of element located by By.id: username (tried for 10 second(s) with 500 milliseconds interval)
	at org.openqa.selenium.support.ui.WebDriverWait.timeoutException(WebDriverWait.java:84) ~[selenium-support-4.25.0.jar:?]
	at org.openqa.selenium.support.ui.FluentWait.until(FluentWait.java:228) ~[selenium-support-4.25.0.jar:?]
	at pages.LoginPage.login(LoginPage.java:40) ~[test-classes/:?]
	at tests.BookingTest.login(BookingTest.java:28) ~[test-classes/:?]
	at jdk.internal.reflect.DirectMethodHandleAccessor.invoke(DirectMethodHandleAccessor.java:103) ~[?:?]
	at java.lang.reflect.Method.invoke(Method.java:580) ~[?:?]
	at org.testng.internal.invokers.MethodInvocationHelper.invokeMethod(MethodInvocationHelper.java:141) ~[testng-7.10.0.jar:7.10.0]
	at org.testng.internal.invokers.TestInvoker.invokeMethod(TestInvoker.java:686) ~[testng-7.10.0.jar:7.10.0]
	at org.testng.internal.invokers.TestInvoker.invokeTestMethod(TestInvoker.java:230) ~[testng-7.10.0.jar:7.10.0]
	at org.testng.internal.invokers.MethodRunner.runInSequence(MethodRunner.java:63) ~[testng-7.10.0.jar:7.10.0]
	at org.testng.internal.invokers.TestInvoker$MethodInvocationAgent.invoke(TestInvoker.java:992) ~[testng-7.10.0.jar:7.10.0]
	at org.testng.internal.invokers.TestInvoker.invokeTestMethods(TestInvoker.java:203) ~[testng-7.10.0.jar:7.10.0]
	at org.testng.internal.invokers.TestMethodWorker.invokeTestMethods(TestMethodWorker.java:154) ~[testng-7.10.0.jar:7.10.0]
	at org.testng.internal.invokers.TestMethodWorker.run(TestMethodWorker.java:134) ~[testng-7.10.0.jar:7.10.0]
	at java.util.ArrayList.forEach(ArrayList.java:1597) [?:?]
	at org.testng.TestRunner.privateRun(TestRunner.java:739) [testng-7.10.0.jar:7.10.0]
	at org.testng.TestRunner.run(TestRunner.java:614) [testng-7.10.0.jar:7.10.0]
	at org.testng.SuiteRunner.runTest(SuiteRunner.java:421) [testng-7.10.0.jar:7.10.0]
	at org.testng.SuiteRunner.runSequentially(SuiteRunner.java:413) [testng-7.10.0.jar:7.10.0]
	at org.testng.SuiteRunner.privateRun(SuiteRunner.java:373) [testng-7.10.0.jar:7.10.0]
	at org.testng.SuiteRunner.run(SuiteRunner.java:312) [testng-7.10.0.jar:7.10.0]
	at org.testng.SuiteRunnerWorker.runSuite(SuiteRunnerWorker.java:52) [testng-7.10.0.jar:7.10.0]
	at org.testng.SuiteRunnerWorker.run(SuiteRunnerWorker.java:95) [testng-7.10.0.jar:7.10.0]
	at org.testng.TestNG.runSuitesSequentially(TestNG.java:1274) [testng-7.10.0.jar:7.10.0]
	at org.testng.TestNG.runSuitesLocally(TestNG.java:1208) [testng-7.10.0.jar:7.10.0]
	at org.testng.TestNG.runSuites(TestNG.java:1112) [testng-7.10.0.jar:7.10.0]
	at org.testng.TestNG.run(TestNG.java:1079) [testng-7.10.0.jar:7.10.0]
	at org.testng.remote.AbstractRemoteTestNG.run(AbstractRemoteTestNG.java:115) [testng-remote.jar:?]
	at org.testng.remote.RemoteTestNG.initAndRun(RemoteTestNG.java:293) [testng-remote.jar:?]
	at org.testng.remote.RemoteTestNG.main(RemoteTestNG.java:91) [testng-remote.jar:?]
Caused by: org.openqa.selenium.NoSuchWindowException: no such window: target window already closed
from unknown error: web view not found
  (Session info: chrome=130.0.6723.69)
Build info: version: '4.25.0', revision: '8a8aea2337'
System info: os.name: 'Windows 11', os.arch: 'amd64', os.version: '10.0', java.version: '23.0.1'
Driver info: org.openqa.selenium.chrome.ChromeDriver
Command: [62cd2f5be0ef942a5a42d391f9fd3edd, findElement {using=id, value=username}]
Capabilities {acceptInsecureCerts: false, browserName: chrome, browserVersion: 130.0.6723.69, chrome: {chromedriverVersion: 130.0.6723.69 (3ec172b971b9..., userDataDir: C:\Users\EFFIAS~1\AppData\L...}, fedcm:accounts: true, goog:chromeOptions: {debuggerAddress: localhost:56374}, networkConnectionEnabled: false, pageLoadStrategy: normal, platformName: windows, proxy: Proxy(), se:cdp: ws://localhost:56374/devtoo..., se:cdpVersion: 130.0.6723.69, setWindowRect: true, strictFileInteractability: false, timeouts: {implicit: 0, pageLoad: 300000, script: 30000}, unhandledPromptBehavior: dismiss and notify, webauthn:extension:credBlob: true, webauthn:extension:largeBlob: true, webauthn:extension:minPinLength: true, webauthn:extension:prf: true, webauthn:virtualAuthenticators: true}
Session ID: 62cd2f5be0ef942a5a42d391f9fd3edd
	at jdk.internal.reflect.DirectConstructorHandleAccessor.newInstance(DirectConstructorHandleAccessor.java:62) ~[?:?]
	at java.lang.reflect.Constructor.newInstanceWithCaller(Constructor.java:501) ~[?:?]
	at java.lang.reflect.Constructor.newInstance(Constructor.java:485) ~[?:?]
	at org.openqa.selenium.remote.ErrorCodec.decode(ErrorCodec.java:167) ~[selenium-remote-driver-4.25.0.jar:?]
	at org.openqa.selenium.remote.codec.w3c.W3CHttpResponseCodec.decode(W3CHttpResponseCodec.java:138) ~[selenium-remote-driver-4.25.0.jar:?]
	at org.openqa.selenium.remote.codec.w3c.W3CHttpResponseCodec.decode(W3CHttpResponseCodec.java:50) ~[selenium-remote-driver-4.25.0.jar:?]
	at org.openqa.selenium.remote.HttpCommandExecutor.execute(HttpCommandExecutor.java:190) ~[selenium-remote-driver-4.25.0.jar:?]
	at org.openqa.selenium.remote.service.DriverCommandExecutor.invokeExecute(DriverCommandExecutor.java:216) ~[selenium-remote-driver-4.25.0.jar:?]
	at org.openqa.selenium.remote.service.DriverCommandExecutor.execute(DriverCommandExecutor.java:174) ~[selenium-remote-driver-4.25.0.jar:?]
	at org.openqa.selenium.remote.RemoteWebDriver.execute(RemoteWebDriver.java:545) ~[selenium-remote-driver-4.25.0.jar:?]
	at org.openqa.selenium.remote.ElementLocation$ElementFinder$2.findElement(ElementLocation.java:165) ~[selenium-remote-driver-4.25.0.jar:?]
	at org.openqa.selenium.remote.ElementLocation.findElement(ElementLocation.java:66) ~[selenium-remote-driver-4.25.0.jar:?]
	at org.openqa.selenium.remote.RemoteWebDriver.findElement(RemoteWebDriver.java:368) ~[selenium-remote-driver-4.25.0.jar:?]
	at org.openqa.selenium.remote.RemoteWebDriver.findElement(RemoteWebDriver.java:362) ~[selenium-remote-driver-4.25.0.jar:?]
	at org.openqa.selenium.support.ui.ExpectedConditions$7.apply(ExpectedConditions.java:194) ~[selenium-support-4.25.0.jar:?]
	at org.openqa.selenium.support.ui.ExpectedConditions$7.apply(ExpectedConditions.java:190) ~[selenium-support-4.25.0.jar:?]
	at org.openqa.selenium.support.ui.FluentWait.until(FluentWait.java:203) ~[selenium-support-4.25.0.jar:?]
	... 28 more
-------------------------------------------------
Name: supportuser2
Log Start: 2024-10-24T17:51:59.755341400
Java Version: 23.0.1
Operating System: Windows 11
System Name: DESKTOP-KR6B0UD
-------------------------------------------------

-------------------------------------------------
Log End: 2024-10-24T17:52:22.849169800
-------------------------------------------------

-------------------------------------------------
Name: supportuser2
Log Start: 2024-10-24T17:52:35.052884900
Java Version: 23.0.1
Operating System: Windows 11
System Name: DESKTOP-KR6B0UD
-------------------------------------------------

2024-10-24 17:52:37.339 [main] INFO  BaseTest:27 - Attempting to log in with provided credentials.
2024-10-24 17:52:37.341 [main] INFO  LoginPage:39 - Waiting for username field to be visible
2024-10-24 17:53:05.657 [main] ERROR BaseTest:31 - Login failed at: Error communicating with the remote browser. It may have died.
Build info: version: '4.25.0', revision: '8a8aea2337'
System info: os.name: 'Windows 11', os.arch: 'amd64', os.version: '10.0', java.version: '23.0.1'
Driver info: org.openqa.selenium.chrome.ChromeDriver
Command: [2a93c401d87a49cba3c51188e2f80cf7, findElement [value, using]]
Capabilities {acceptInsecureCerts: false, browserName: chrome, browserVersion: 130.0.6723.69, chrome: {chromedriverVersion: 130.0.6723.69 (3ec172b971b9..., userDataDir: C:\Users\EFFIAS~1\AppData\L...}, fedcm:accounts: true, goog:chromeOptions: {debuggerAddress: localhost:56717}, networkConnectionEnabled: false, pageLoadStrategy: normal, platformName: windows, proxy: Proxy(), se:cdp: ws://localhost:56717/devtoo..., se:cdpVersion: 130.0.6723.69, setWindowRect: true, strictFileInteractability: false, timeouts: {implicit: 0, pageLoad: 300000, script: 30000}, unhandledPromptBehavior: dismiss and notify, webauthn:extension:credBlob: true, webauthn:extension:largeBlob: true, webauthn:extension:minPinLength: true, webauthn:extension:prf: true, webauthn:virtualAuthenticators: true}
Session ID: 2a93c401d87a49cba3c51188e2f80cf7
org.openqa.selenium.remote.UnreachableBrowserException: Error communicating with the remote browser. It may have died.
Build info: version: '4.25.0', revision: '8a8aea2337'
System info: os.name: 'Windows 11', os.arch: 'amd64', os.version: '10.0', java.version: '23.0.1'
Driver info: org.openqa.selenium.chrome.ChromeDriver
Command: [2a93c401d87a49cba3c51188e2f80cf7, findElement [value, using]]
Capabilities {acceptInsecureCerts: false, browserName: chrome, browserVersion: 130.0.6723.69, chrome: {chromedriverVersion: 130.0.6723.69 (3ec172b971b9..., userDataDir: C:\Users\EFFIAS~1\AppData\L...}, fedcm:accounts: true, goog:chromeOptions: {debuggerAddress: localhost:56717}, networkConnectionEnabled: false, pageLoadStrategy: normal, platformName: windows, proxy: Proxy(), se:cdp: ws://localhost:56717/devtoo..., se:cdpVersion: 130.0.6723.69, setWindowRect: true, strictFileInteractability: false, timeouts: {implicit: 0, pageLoad: 300000, script: 30000}, unhandledPromptBehavior: dismiss and notify, webauthn:extension:credBlob: true, webauthn:extension:largeBlob: true, webauthn:extension:minPinLength: true, webauthn:extension:prf: true, webauthn:virtualAuthenticators: true}
Session ID: 2a93c401d87a49cba3c51188e2f80cf7
	at org.openqa.selenium.remote.RemoteWebDriver.execute(RemoteWebDriver.java:572) ~[selenium-remote-driver-4.25.0.jar:?]
	at org.openqa.selenium.remote.ElementLocation$ElementFinder$2.findElement(ElementLocation.java:165) ~[selenium-remote-driver-4.25.0.jar:?]
	at org.openqa.selenium.remote.ElementLocation.findElement(ElementLocation.java:66) ~[selenium-remote-driver-4.25.0.jar:?]
	at org.openqa.selenium.remote.RemoteWebDriver.findElement(RemoteWebDriver.java:368) ~[selenium-remote-driver-4.25.0.jar:?]
	at org.openqa.selenium.remote.RemoteWebDriver.findElement(RemoteWebDriver.java:362) ~[selenium-remote-driver-4.25.0.jar:?]
	at org.openqa.selenium.support.ui.ExpectedConditions$7.apply(ExpectedConditions.java:194) ~[selenium-support-4.25.0.jar:?]
	at org.openqa.selenium.support.ui.ExpectedConditions$7.apply(ExpectedConditions.java:190) ~[selenium-support-4.25.0.jar:?]
	at org.openqa.selenium.support.ui.FluentWait.until(FluentWait.java:203) ~[selenium-support-4.25.0.jar:?]
	at pages.LoginPage.login(LoginPage.java:40) ~[test-classes/:?]
	at tests.BookingTest.login(BookingTest.java:28) ~[test-classes/:?]
	at jdk.internal.reflect.DirectMethodHandleAccessor.invoke(DirectMethodHandleAccessor.java:103) ~[?:?]
	at java.lang.reflect.Method.invoke(Method.java:580) ~[?:?]
	at org.testng.internal.invokers.MethodInvocationHelper.invokeMethod(MethodInvocationHelper.java:141) ~[testng-7.10.0.jar:7.10.0]
	at org.testng.internal.invokers.TestInvoker.invokeMethod(TestInvoker.java:686) ~[testng-7.10.0.jar:7.10.0]
	at org.testng.internal.invokers.TestInvoker.invokeTestMethod(TestInvoker.java:230) ~[testng-7.10.0.jar:7.10.0]
	at org.testng.internal.invokers.MethodRunner.runInSequence(MethodRunner.java:63) ~[testng-7.10.0.jar:7.10.0]
	at org.testng.internal.invokers.TestInvoker$MethodInvocationAgent.invoke(TestInvoker.java:992) ~[testng-7.10.0.jar:7.10.0]
	at org.testng.internal.invokers.TestInvoker.invokeTestMethods(TestInvoker.java:203) ~[testng-7.10.0.jar:7.10.0]
	at org.testng.internal.invokers.TestMethodWorker.invokeTestMethods(TestMethodWorker.java:154) ~[testng-7.10.0.jar:7.10.0]
	at org.testng.internal.invokers.TestMethodWorker.run(TestMethodWorker.java:134) ~[testng-7.10.0.jar:7.10.0]
	at java.util.ArrayList.forEach(ArrayList.java:1597) [?:?]
	at org.testng.TestRunner.privateRun(TestRunner.java:739) [testng-7.10.0.jar:7.10.0]
	at org.testng.TestRunner.run(TestRunner.java:614) [testng-7.10.0.jar:7.10.0]
	at org.testng.SuiteRunner.runTest(SuiteRunner.java:421) [testng-7.10.0.jar:7.10.0]
	at org.testng.SuiteRunner.runSequentially(SuiteRunner.java:413) [testng-7.10.0.jar:7.10.0]
	at org.testng.SuiteRunner.privateRun(SuiteRunner.java:373) [testng-7.10.0.jar:7.10.0]
	at org.testng.SuiteRunner.run(SuiteRunner.java:312) [testng-7.10.0.jar:7.10.0]
	at org.testng.SuiteRunnerWorker.runSuite(SuiteRunnerWorker.java:52) [testng-7.10.0.jar:7.10.0]
	at org.testng.SuiteRunnerWorker.run(SuiteRunnerWorker.java:95) [testng-7.10.0.jar:7.10.0]
	at org.testng.TestNG.runSuitesSequentially(TestNG.java:1274) [testng-7.10.0.jar:7.10.0]
	at org.testng.TestNG.runSuitesLocally(TestNG.java:1208) [testng-7.10.0.jar:7.10.0]
	at org.testng.TestNG.runSuites(TestNG.java:1112) [testng-7.10.0.jar:7.10.0]
	at org.testng.TestNG.run(TestNG.java:1079) [testng-7.10.0.jar:7.10.0]
	at org.testng.remote.AbstractRemoteTestNG.run(AbstractRemoteTestNG.java:115) [testng-remote.jar:?]
	at org.testng.remote.RemoteTestNG.initAndRun(RemoteTestNG.java:293) [testng-remote.jar:?]
	at org.testng.remote.RemoteTestNG.main(RemoteTestNG.java:91) [testng-remote.jar:?]
Caused by: java.io.UncheckedIOException: java.io.IOException: HTTP/1.1 header parser received no bytes
	at org.openqa.selenium.remote.http.jdk.JdkHttpClient.execute0(JdkHttpClient.java:458) ~[selenium-http-4.25.0.jar:?]
	at org.openqa.selenium.remote.http.AddSeleniumUserAgent.lambda$apply$0(AddSeleniumUserAgent.java:42) ~[selenium-http-4.25.0.jar:?]
	at org.openqa.selenium.remote.http.Filter.lambda$andFinally$1(Filter.java:55) ~[selenium-http-4.25.0.jar:?]
	at org.openqa.selenium.remote.http.jdk.JdkHttpClient.execute(JdkHttpClient.java:374) ~[selenium-http-4.25.0.jar:?]
	at org.openqa.selenium.remote.HttpCommandExecutor.execute(HttpCommandExecutor.java:187) ~[selenium-remote-driver-4.25.0.jar:?]
	at org.openqa.selenium.remote.service.DriverCommandExecutor.invokeExecute(DriverCommandExecutor.java:216) ~[selenium-remote-driver-4.25.0.jar:?]
	at org.openqa.selenium.remote.service.DriverCommandExecutor.execute(DriverCommandExecutor.java:174) ~[selenium-remote-driver-4.25.0.jar:?]
	at org.openqa.selenium.remote.RemoteWebDriver.execute(RemoteWebDriver.java:545) ~[selenium-remote-driver-4.25.0.jar:?]
	... 35 more
Caused by: java.io.IOException: HTTP/1.1 header parser received no bytes
	at jdk.internal.net.http.common.Utils.wrapWithExtraDetail(Utils.java:440) ~[java.net.http:?]
	at jdk.internal.net.http.Http1Response$HeadersReader.onReadError(Http1Response.java:590) ~[java.net.http:?]
	at jdk.internal.net.http.Http1AsyncReceiver.checkForErrors(Http1AsyncReceiver.java:302) ~[java.net.http:?]
	at jdk.internal.net.http.Http1AsyncReceiver.flush(Http1AsyncReceiver.java:268) ~[java.net.http:?]
	at jdk.internal.net.http.common.SequentialScheduler$LockingRestartableTask.run(SequentialScheduler.java:182) ~[java.net.http:?]
	at jdk.internal.net.http.common.SequentialScheduler$CompleteRestartableTask.run(SequentialScheduler.java:149) ~[java.net.http:?]
	at jdk.internal.net.http.common.SequentialScheduler$SchedulableTask.run(SequentialScheduler.java:207) ~[java.net.http:?]
	at java.util.concurrent.ThreadPoolExecutor.runWorker(ThreadPoolExecutor.java:1144) ~[?:?]
	at java.util.concurrent.ThreadPoolExecutor$Worker.run(ThreadPoolExecutor.java:642) ~[?:?]
	at java.lang.Thread.run(Thread.java:1575) ~[?:?]
Caused by: java.net.SocketException: Connection reset
	at sun.nio.ch.SocketChannelImpl.throwConnectionReset(SocketChannelImpl.java:403) ~[?:?]
	at sun.nio.ch.SocketChannelImpl.implRead(SocketChannelImpl.java:435) ~[?:?]
	at sun.nio.ch.SocketChannelImpl.read(SocketChannelImpl.java:493) ~[?:?]
	at jdk.internal.net.http.SocketTube.readAvailable(SocketTube.java:1178) ~[java.net.http:?]
	at jdk.internal.net.http.SocketTube$InternalReadPublisher$InternalReadSubscription.read(SocketTube.java:841) ~[java.net.http:?]
	at jdk.internal.net.http.SocketTube$SocketFlowTask.run(SocketTube.java:181) ~[java.net.http:?]
	at jdk.internal.net.http.common.SequentialScheduler$SchedulableTask.run(SequentialScheduler.java:207) ~[java.net.http:?]
	at jdk.internal.net.http.common.SequentialScheduler.runOrSchedule(SequentialScheduler.java:280) ~[java.net.http:?]
	at jdk.internal.net.http.common.SequentialScheduler.runOrSchedule(SequentialScheduler.java:233) ~[java.net.http:?]
	at jdk.internal.net.http.SocketTube$InternalReadPublisher$InternalReadSubscription.signalReadable(SocketTube.java:782) ~[java.net.http:?]
	at jdk.internal.net.http.SocketTube$InternalReadPublisher$ReadEvent.signalEvent(SocketTube.java:965) ~[java.net.http:?]
	at jdk.internal.net.http.SocketTube$SocketFlowEvent.handle(SocketTube.java:253) ~[java.net.http:?]
	at jdk.internal.net.http.HttpClientImpl$SelectorManager.handleEvent(HttpClientImpl.java:1478) ~[java.net.http:?]
	at jdk.internal.net.http.HttpClientImpl$SelectorManager.lambda$run$3(HttpClientImpl.java:1423) ~[java.net.http:?]
	at java.util.ArrayList.forEach(ArrayList.java:1597) ~[?:?]
	at jdk.internal.net.http.HttpClientImpl$SelectorManager.run(HttpClientImpl.java:1423) ~[java.net.http:?]
-------------------------------------------------
Log End: 2024-10-24T17:53:05.864151700
-------------------------------------------------

-------------------------------------------------
Name: supportuser2
Log Start: 2024-10-24T17:53:08.056903400
Java Version: 23.0.1
Operating System: Windows 11
System Name: DESKTOP-KR6B0UD
-------------------------------------------------

2024-10-24 17:53:09.814 [main] INFO  BaseTest:27 - Attempting to log in with provided credentials.
2024-10-24 17:53:09.817 [main] INFO  LoginPage:39 - Waiting for username field to be visible
2024-10-24 17:54:09.858 [main] ERROR BaseTest:31 - Login failed at: Expected condition failed: waiting for visibility of element located by By.id: username (tried for 10 second(s) with 500 milliseconds interval)
Build info: version: '4.25.0', revision: '8a8aea2337'
System info: os.name: 'Windows 11', os.arch: 'amd64', os.version: '10.0', java.version: '23.0.1'
Driver info: org.openqa.selenium.chrome.ChromeDriver
Capabilities {acceptInsecureCerts: false, browserName: chrome, browserVersion: 130.0.6723.69, chrome: {chromedriverVersion: 130.0.6723.69 (3ec172b971b9..., userDataDir: C:\Users\EFFIAS~1\AppData\L...}, fedcm:accounts: true, goog:chromeOptions: {debuggerAddress: localhost:56757}, networkConnectionEnabled: false, pageLoadStrategy: normal, platformName: windows, proxy: Proxy(), se:cdp: ws://localhost:56757/devtoo..., se:cdpVersion: 130.0.6723.69, setWindowRect: true, strictFileInteractability: false, timeouts: {implicit: 0, pageLoad: 300000, script: 30000}, unhandledPromptBehavior: dismiss and notify, webauthn:extension:credBlob: true, webauthn:extension:largeBlob: true, webauthn:extension:minPinLength: true, webauthn:extension:prf: true, webauthn:virtualAuthenticators: true}
Session ID: 4d4925053b57bdf14510c9c8d12c997f
org.openqa.selenium.TimeoutException: Expected condition failed: waiting for visibility of element located by By.id: username (tried for 10 second(s) with 500 milliseconds interval)
Build info: version: '4.25.0', revision: '8a8aea2337'
System info: os.name: 'Windows 11', os.arch: 'amd64', os.version: '10.0', java.version: '23.0.1'
Driver info: org.openqa.selenium.chrome.ChromeDriver
Capabilities {acceptInsecureCerts: false, browserName: chrome, browserVersion: 130.0.6723.69, chrome: {chromedriverVersion: 130.0.6723.69 (3ec172b971b9..., userDataDir: C:\Users\EFFIAS~1\AppData\L...}, fedcm:accounts: true, goog:chromeOptions: {debuggerAddress: localhost:56757}, networkConnectionEnabled: false, pageLoadStrategy: normal, platformName: windows, proxy: Proxy(), se:cdp: ws://localhost:56757/devtoo..., se:cdpVersion: 130.0.6723.69, setWindowRect: true, strictFileInteractability: false, timeouts: {implicit: 0, pageLoad: 300000, script: 30000}, unhandledPromptBehavior: dismiss and notify, webauthn:extension:credBlob: true, webauthn:extension:largeBlob: true, webauthn:extension:minPinLength: true, webauthn:extension:prf: true, webauthn:virtualAuthenticators: true}
Session ID: 4d4925053b57bdf14510c9c8d12c997f
	at org.openqa.selenium.support.ui.WebDriverWait.timeoutException(WebDriverWait.java:84) ~[selenium-support-4.25.0.jar:?]
	at org.openqa.selenium.support.ui.FluentWait.until(FluentWait.java:228) ~[selenium-support-4.25.0.jar:?]
	at pages.LoginPage.login(LoginPage.java:40) ~[test-classes/:?]
	at tests.BookingTest.login(BookingTest.java:28) ~[test-classes/:?]
	at jdk.internal.reflect.DirectMethodHandleAccessor.invoke(DirectMethodHandleAccessor.java:103) ~[?:?]
	at java.lang.reflect.Method.invoke(Method.java:580) ~[?:?]
	at org.testng.internal.invokers.MethodInvocationHelper.invokeMethod(MethodInvocationHelper.java:141) ~[testng-7.10.0.jar:7.10.0]
	at org.testng.internal.invokers.TestInvoker.invokeMethod(TestInvoker.java:686) ~[testng-7.10.0.jar:7.10.0]
	at org.testng.internal.invokers.TestInvoker.invokeTestMethod(TestInvoker.java:230) ~[testng-7.10.0.jar:7.10.0]
	at org.testng.internal.invokers.MethodRunner.runInSequence(MethodRunner.java:63) ~[testng-7.10.0.jar:7.10.0]
	at org.testng.internal.invokers.TestInvoker$MethodInvocationAgent.invoke(TestInvoker.java:992) ~[testng-7.10.0.jar:7.10.0]
	at org.testng.internal.invokers.TestInvoker.invokeTestMethods(TestInvoker.java:203) ~[testng-7.10.0.jar:7.10.0]
	at org.testng.internal.invokers.TestMethodWorker.invokeTestMethods(TestMethodWorker.java:154) ~[testng-7.10.0.jar:7.10.0]
	at org.testng.internal.invokers.TestMethodWorker.run(TestMethodWorker.java:134) ~[testng-7.10.0.jar:7.10.0]
	at java.util.ArrayList.forEach(ArrayList.java:1597) [?:?]
	at org.testng.TestRunner.privateRun(TestRunner.java:739) [testng-7.10.0.jar:7.10.0]
	at org.testng.TestRunner.run(TestRunner.java:614) [testng-7.10.0.jar:7.10.0]
	at org.testng.SuiteRunner.runTest(SuiteRunner.java:421) [testng-7.10.0.jar:7.10.0]
	at org.testng.SuiteRunner.runSequentially(SuiteRunner.java:413) [testng-7.10.0.jar:7.10.0]
	at org.testng.SuiteRunner.privateRun(SuiteRunner.java:373) [testng-7.10.0.jar:7.10.0]
	at org.testng.SuiteRunner.run(SuiteRunner.java:312) [testng-7.10.0.jar:7.10.0]
	at org.testng.SuiteRunnerWorker.runSuite(SuiteRunnerWorker.java:52) [testng-7.10.0.jar:7.10.0]
	at org.testng.SuiteRunnerWorker.run(SuiteRunnerWorker.java:95) [testng-7.10.0.jar:7.10.0]
	at org.testng.TestNG.runSuitesSequentially(TestNG.java:1274) [testng-7.10.0.jar:7.10.0]
	at org.testng.TestNG.runSuitesLocally(TestNG.java:1208) [testng-7.10.0.jar:7.10.0]
	at org.testng.TestNG.runSuites(TestNG.java:1112) [testng-7.10.0.jar:7.10.0]
	at org.testng.TestNG.run(TestNG.java:1079) [testng-7.10.0.jar:7.10.0]
	at org.testng.remote.AbstractRemoteTestNG.run(AbstractRemoteTestNG.java:115) [testng-remote.jar:?]
	at org.testng.remote.RemoteTestNG.initAndRun(RemoteTestNG.java:293) [testng-remote.jar:?]
	at org.testng.remote.RemoteTestNG.main(RemoteTestNG.java:91) [testng-remote.jar:?]
-------------------------------------------------
Log End: 2024-10-24T17:54:11.095314100
-------------------------------------------------

-------------------------------------------------
Name: supportuser2
Log Start: 2024-10-24T19:49:44.402539900
Java Version: 23.0.1
Operating System: Windows 11
System Name: DESKTOP-KR6B0UD
-------------------------------------------------

2024-10-24 19:49:48.665 [main] INFO  BaseTest:27 - Attempting to log in with provided credentials.
2024-10-24 19:49:48.669 [main] INFO  LoginPage:28 - Waiting for username field to be visible
2024-10-24 19:50:03.396 [main] INFO  LoginPage:30 - Username field is now visible
2024-10-24 19:50:03.477 [main] INFO  LoginPage:34 - Username inserted successfully
2024-10-24 19:50:03.549 [main] INFO  LoginPage:38 - Password inserted successfully
2024-10-24 19:50:17.738 [main] INFO  LoginPage:42 - Login button clicked
2024-10-24 19:51:17.805 [main] ERROR BaseTest:31 - Login failed at: Expected condition failed: waiting for visibility of element located by By.xpath: //div[@class='error-message'] (tried for 60 second(s) with 500 milliseconds interval)
Build info: version: '4.25.0', revision: '8a8aea2337'
System info: os.name: 'Windows 11', os.arch: 'amd64', os.version: '10.0', java.version: '23.0.1'
Driver info: org.openqa.selenium.chrome.ChromeDriver
Capabilities {acceptInsecureCerts: false, browserName: chrome, browserVersion: 130.0.6723.69, chrome: {chromedriverVersion: 130.0.6723.69 (3ec172b971b9..., userDataDir: C:\Users\EFFIAS~1\AppData\L...}, fedcm:accounts: true, goog:chromeOptions: {debuggerAddress: localhost:60284}, networkConnectionEnabled: false, pageLoadStrategy: normal, platformName: windows, proxy: Proxy(), se:cdp: ws://localhost:60284/devtoo..., se:cdpVersion: 130.0.6723.69, setWindowRect: true, strictFileInteractability: false, timeouts: {implicit: 0, pageLoad: 300000, script: 30000}, unhandledPromptBehavior: dismiss and notify, webauthn:extension:credBlob: true, webauthn:extension:largeBlob: true, webauthn:extension:minPinLength: true, webauthn:extension:prf: true, webauthn:virtualAuthenticators: true}
Session ID: 120b47a99b2d7d4aa410c0de29090483
org.openqa.selenium.TimeoutException: Expected condition failed: waiting for visibility of element located by By.xpath: //div[@class='error-message'] (tried for 60 second(s) with 500 milliseconds interval)
Build info: version: '4.25.0', revision: '8a8aea2337'
System info: os.name: 'Windows 11', os.arch: 'amd64', os.version: '10.0', java.version: '23.0.1'
Driver info: org.openqa.selenium.chrome.ChromeDriver
Capabilities {acceptInsecureCerts: false, browserName: chrome, browserVersion: 130.0.6723.69, chrome: {chromedriverVersion: 130.0.6723.69 (3ec172b971b9..., userDataDir: C:\Users\EFFIAS~1\AppData\L...}, fedcm:accounts: true, goog:chromeOptions: {debuggerAddress: localhost:60284}, networkConnectionEnabled: false, pageLoadStrategy: normal, platformName: windows, proxy: Proxy(), se:cdp: ws://localhost:60284/devtoo..., se:cdpVersion: 130.0.6723.69, setWindowRect: true, strictFileInteractability: false, timeouts: {implicit: 0, pageLoad: 300000, script: 30000}, unhandledPromptBehavior: dismiss and notify, webauthn:extension:credBlob: true, webauthn:extension:largeBlob: true, webauthn:extension:minPinLength: true, webauthn:extension:prf: true, webauthn:virtualAuthenticators: true}
Session ID: 120b47a99b2d7d4aa410c0de29090483
	at org.openqa.selenium.support.ui.WebDriverWait.timeoutException(WebDriverWait.java:84) ~[selenium-support-4.25.0.jar:?]
	at org.openqa.selenium.support.ui.FluentWait.until(FluentWait.java:228) ~[selenium-support-4.25.0.jar:?]
	at pages.LoginPage.login(LoginPage.java:45) ~[test-classes/:?]
	at tests.BookingTest.login(BookingTest.java:28) ~[test-classes/:?]
	at jdk.internal.reflect.DirectMethodHandleAccessor.invoke(DirectMethodHandleAccessor.java:103) ~[?:?]
	at java.lang.reflect.Method.invoke(Method.java:580) ~[?:?]
	at org.testng.internal.invokers.MethodInvocationHelper.invokeMethod(MethodInvocationHelper.java:141) ~[testng-7.10.0.jar:7.10.0]
	at org.testng.internal.invokers.TestInvoker.invokeMethod(TestInvoker.java:686) ~[testng-7.10.0.jar:7.10.0]
	at org.testng.internal.invokers.TestInvoker.invokeTestMethod(TestInvoker.java:230) ~[testng-7.10.0.jar:7.10.0]
	at org.testng.internal.invokers.MethodRunner.runInSequence(MethodRunner.java:63) ~[testng-7.10.0.jar:7.10.0]
	at org.testng.internal.invokers.TestInvoker$MethodInvocationAgent.invoke(TestInvoker.java:992) ~[testng-7.10.0.jar:7.10.0]
	at org.testng.internal.invokers.TestInvoker.invokeTestMethods(TestInvoker.java:203) ~[testng-7.10.0.jar:7.10.0]
	at org.testng.internal.invokers.TestMethodWorker.invokeTestMethods(TestMethodWorker.java:154) ~[testng-7.10.0.jar:7.10.0]
	at org.testng.internal.invokers.TestMethodWorker.run(TestMethodWorker.java:134) ~[testng-7.10.0.jar:7.10.0]
	at java.util.ArrayList.forEach(ArrayList.java:1597) [?:?]
	at org.testng.TestRunner.privateRun(TestRunner.java:739) [testng-7.10.0.jar:7.10.0]
	at org.testng.TestRunner.run(TestRunner.java:614) [testng-7.10.0.jar:7.10.0]
	at org.testng.SuiteRunner.runTest(SuiteRunner.java:421) [testng-7.10.0.jar:7.10.0]
	at org.testng.SuiteRunner.runSequentially(SuiteRunner.java:413) [testng-7.10.0.jar:7.10.0]
	at org.testng.SuiteRunner.privateRun(SuiteRunner.java:373) [testng-7.10.0.jar:7.10.0]
	at org.testng.SuiteRunner.run(SuiteRunner.java:312) [testng-7.10.0.jar:7.10.0]
	at org.testng.SuiteRunnerWorker.runSuite(SuiteRunnerWorker.java:52) [testng-7.10.0.jar:7.10.0]
	at org.testng.SuiteRunnerWorker.run(SuiteRunnerWorker.java:95) [testng-7.10.0.jar:7.10.0]
	at org.testng.TestNG.runSuitesSequentially(TestNG.java:1274) [testng-7.10.0.jar:7.10.0]
	at org.testng.TestNG.runSuitesLocally(TestNG.java:1208) [testng-7.10.0.jar:7.10.0]
	at org.testng.TestNG.runSuites(TestNG.java:1112) [testng-7.10.0.jar:7.10.0]
	at org.testng.TestNG.run(TestNG.java:1079) [testng-7.10.0.jar:7.10.0]
	at org.testng.remote.AbstractRemoteTestNG.run(AbstractRemoteTestNG.java:115) [testng-remote.jar:?]
	at org.testng.remote.RemoteTestNG.initAndRun(RemoteTestNG.java:293) [testng-remote.jar:?]
	at org.testng.remote.RemoteTestNG.main(RemoteTestNG.java:91) [testng-remote.jar:?]
-------------------------------------------------
Log End: 2024-10-24T19:51:18.326052500
-------------------------------------------------

-------------------------------------------------
Name: supportuser2
Log Start: 2024-10-24T19:55:25.544054200
Java Version: 23.0.1
Operating System: Windows 11
System Name: DESKTOP-KR6B0UD
-------------------------------------------------

2024-10-24 19:55:27.126 [main] INFO  BaseTest:27 - Attempting to log in with provided credentials.
2024-10-24 19:55:27.128 [main] INFO  LoginPage:29 - Waiting for username field to be visible
2024-10-24 19:55:30.373 [main] INFO  LoginPage:31 - Username field is now visible
2024-10-24 19:55:30.470 [main] INFO  LoginPage:35 - Username inserted successfully
2024-10-24 19:55:30.537 [main] INFO  LoginPage:39 - Password inserted successfully
2024-10-24 19:55:30.982 [main] INFO  LoginPage:43 - Login button clicked
2024-10-24 19:57:18.921 [main] ERROR LoginPage:55 - Login failed: Unknown issue, no redirection or error message.
2024-10-24 19:57:18.921 [main] ERROR BaseTest:31 - Login failed at: Login failed due to an unknown issue.
java.lang.Exception: Login failed due to an unknown issue.
	at pages.LoginPage.login(LoginPage.java:56) ~[test-classes/:?]
	at tests.BookingTest.login(BookingTest.java:28) ~[test-classes/:?]
	at jdk.internal.reflect.DirectMethodHandleAccessor.invoke(DirectMethodHandleAccessor.java:103) ~[?:?]
	at java.lang.reflect.Method.invoke(Method.java:580) ~[?:?]
	at org.testng.internal.invokers.MethodInvocationHelper.invokeMethod(MethodInvocationHelper.java:141) ~[testng-7.10.0.jar:7.10.0]
	at org.testng.internal.invokers.TestInvoker.invokeMethod(TestInvoker.java:686) ~[testng-7.10.0.jar:7.10.0]
	at org.testng.internal.invokers.TestInvoker.invokeTestMethod(TestInvoker.java:230) ~[testng-7.10.0.jar:7.10.0]
	at org.testng.internal.invokers.MethodRunner.runInSequence(MethodRunner.java:63) ~[testng-7.10.0.jar:7.10.0]
	at org.testng.internal.invokers.TestInvoker$MethodInvocationAgent.invoke(TestInvoker.java:992) ~[testng-7.10.0.jar:7.10.0]
	at org.testng.internal.invokers.TestInvoker.invokeTestMethods(TestInvoker.java:203) ~[testng-7.10.0.jar:7.10.0]
	at org.testng.internal.invokers.TestMethodWorker.invokeTestMethods(TestMethodWorker.java:154) ~[testng-7.10.0.jar:7.10.0]
	at org.testng.internal.invokers.TestMethodWorker.run(TestMethodWorker.java:134) ~[testng-7.10.0.jar:7.10.0]
	at java.util.ArrayList.forEach(ArrayList.java:1597) [?:?]
	at org.testng.TestRunner.privateRun(TestRunner.java:739) [testng-7.10.0.jar:7.10.0]
	at org.testng.TestRunner.run(TestRunner.java:614) [testng-7.10.0.jar:7.10.0]
	at org.testng.SuiteRunner.runTest(SuiteRunner.java:421) [testng-7.10.0.jar:7.10.0]
	at org.testng.SuiteRunner.runSequentially(SuiteRunner.java:413) [testng-7.10.0.jar:7.10.0]
	at org.testng.SuiteRunner.privateRun(SuiteRunner.java:373) [testng-7.10.0.jar:7.10.0]
	at org.testng.SuiteRunner.run(SuiteRunner.java:312) [testng-7.10.0.jar:7.10.0]
	at org.testng.SuiteRunnerWorker.runSuite(SuiteRunnerWorker.java:52) [testng-7.10.0.jar:7.10.0]
	at org.testng.SuiteRunnerWorker.run(SuiteRunnerWorker.java:95) [testng-7.10.0.jar:7.10.0]
	at org.testng.TestNG.runSuitesSequentially(TestNG.java:1274) [testng-7.10.0.jar:7.10.0]
	at org.testng.TestNG.runSuitesLocally(TestNG.java:1208) [testng-7.10.0.jar:7.10.0]
	at org.testng.TestNG.runSuites(TestNG.java:1112) [testng-7.10.0.jar:7.10.0]
	at org.testng.TestNG.run(TestNG.java:1079) [testng-7.10.0.jar:7.10.0]
	at org.testng.remote.AbstractRemoteTestNG.run(AbstractRemoteTestNG.java:115) [testng-remote.jar:?]
	at org.testng.remote.RemoteTestNG.initAndRun(RemoteTestNG.java:293) [testng-remote.jar:?]
	at org.testng.remote.RemoteTestNG.main(RemoteTestNG.java:91) [testng-remote.jar:?]
-------------------------------------------------
Log End: 2024-10-24T19:57:19.155638500
-------------------------------------------------

-------------------------------------------------
Name: supportuser2
Log Start: 2024-10-24T19:57:29.189135200
Java Version: 23.0.1
Operating System: Windows 11
System Name: DESKTOP-KR6B0UD
-------------------------------------------------

2024-10-24 19:57:30.765 [main] INFO  BaseTest:27 - Attempting to log in with provided credentials.
2024-10-24 19:57:30.767 [main] INFO  LoginPage:29 - Waiting for username field to be visible
2024-10-24 19:57:34.122 [main] INFO  LoginPage:31 - Username field is now visible
2024-10-24 19:57:34.246 [main] INFO  LoginPage:35 - Username inserted successfully
2024-10-24 19:57:34.310 [main] INFO  LoginPage:39 - Password inserted successfully
2024-10-24 19:57:34.694 [main] INFO  LoginPage:43 - Login button clicked
2024-10-24 19:57:38.516 [main] INFO  LoginPage:48 - Signed in successfully, redirected to dashboard.
2024-10-24 19:57:38.520 [main] INFO  BaseTest:29 - Login successful.
2024-10-24 19:57:42.539 [main] INFO  MenuIcon:27 - Waiting for menu icon to appear
2024-10-24 19:57:42.637 [main] INFO  MenuIcon:29 - Menu icon clicked
2024-10-24 19:57:42.637 [main] INFO  BaseTest:45 - Clicked on menu icon.
2024-10-24 19:57:46.736 [main] INFO  CentralSetUp:32 - CRS RCY menu clicked
2024-10-24 19:57:50.304 [main] INFO  CentralSetUp:47 - Switched to new tab. The title of the new tab is: CruisePAL CRS
2024-10-24 19:57:50.304 [main] INFO  BaseTest:61 - Clicked on 'CRS RCY' to open a new tab.
2024-10-24 19:57:50.304 [main] INFO  BaseTest:62 - Switched to the new tab successfully.
2024-10-24 19:57:53.318 [main] INFO  Agency:45 - Clicking on Agencies field.
2024-10-24 19:57:55.321 [main] ERROR Agency:50 - Error in agency method: element click intercepted: Element <i _ngcontent-hxw-c632="" class="icon icon-agencies"></i> is not clickable at point (276, 197). Other element would receive the click: <div _ngcontent-hxw-c462="" class="ngx-spinner-overlay ng-tns-c462-0 ng-trigger ng-trigger-fadeIn ng-star-inserted ng-animating" style="background-color: rgba(51, 51, 51, 0.8); z-index: 99999; position: fixed;">...</div>
  (Session info: chrome=130.0.6723.69)
Build info: version: '4.25.0', revision: '8a8aea2337'
System info: os.name: 'Windows 11', os.arch: 'amd64', os.version: '10.0', java.version: '23.0.1'
Driver info: org.openqa.selenium.chrome.ChromeDriver
Command: [b3aa13c1d0720c8762f410fc1919e526, clickElement {id=f.CBEB3A62EA1039401C9DB394E37B1D8F.d.73EC3E0D5B088C764FEA535BD76E7AF5.e.145}]
Capabilities {acceptInsecureCerts: false, browserName: chrome, browserVersion: 130.0.6723.69, chrome: {chromedriverVersion: 130.0.6723.69 (3ec172b971b9..., userDataDir: C:\Users\EFFIAS~1\AppData\L...}, fedcm:accounts: true, goog:chromeOptions: {debuggerAddress: localhost:60522}, networkConnectionEnabled: false, pageLoadStrategy: normal, platformName: windows, proxy: Proxy(), se:cdp: ws://localhost:60522/devtoo..., se:cdpVersion: 130.0.6723.69, setWindowRect: true, strictFileInteractability: false, timeouts: {implicit: 0, pageLoad: 300000, script: 30000}, unhandledPromptBehavior: dismiss and notify, webauthn:extension:credBlob: true, webauthn:extension:largeBlob: true, webauthn:extension:minPinLength: true, webauthn:extension:prf: true, webauthn:virtualAuthenticators: true}
Element: [[ChromeDriver: chrome on windows (b3aa13c1d0720c8762f410fc1919e526)] -> xpath: //i[@class='icon icon-agencies']]
Session ID: b3aa13c1d0720c8762f410fc1919e526
org.openqa.selenium.ElementClickInterceptedException: element click intercepted: Element <i _ngcontent-hxw-c632="" class="icon icon-agencies"></i> is not clickable at point (276, 197). Other element would receive the click: <div _ngcontent-hxw-c462="" class="ngx-spinner-overlay ng-tns-c462-0 ng-trigger ng-trigger-fadeIn ng-star-inserted ng-animating" style="background-color: rgba(51, 51, 51, 0.8); z-index: 99999; position: fixed;">...</div>
  (Session info: chrome=130.0.6723.69)
Build info: version: '4.25.0', revision: '8a8aea2337'
System info: os.name: 'Windows 11', os.arch: 'amd64', os.version: '10.0', java.version: '23.0.1'
Driver info: org.openqa.selenium.chrome.ChromeDriver
Command: [b3aa13c1d0720c8762f410fc1919e526, clickElement {id=f.CBEB3A62EA1039401C9DB394E37B1D8F.d.73EC3E0D5B088C764FEA535BD76E7AF5.e.145}]
Capabilities {acceptInsecureCerts: false, browserName: chrome, browserVersion: 130.0.6723.69, chrome: {chromedriverVersion: 130.0.6723.69 (3ec172b971b9..., userDataDir: C:\Users\EFFIAS~1\AppData\L...}, fedcm:accounts: true, goog:chromeOptions: {debuggerAddress: localhost:60522}, networkConnectionEnabled: false, pageLoadStrategy: normal, platformName: windows, proxy: Proxy(), se:cdp: ws://localhost:60522/devtoo..., se:cdpVersion: 130.0.6723.69, setWindowRect: true, strictFileInteractability: false, timeouts: {implicit: 0, pageLoad: 300000, script: 30000}, unhandledPromptBehavior: dismiss and notify, webauthn:extension:credBlob: true, webauthn:extension:largeBlob: true, webauthn:extension:minPinLength: true, webauthn:extension:prf: true, webauthn:virtualAuthenticators: true}
Element: [[ChromeDriver: chrome on windows (b3aa13c1d0720c8762f410fc1919e526)] -> xpath: //i[@class='icon icon-agencies']]
Session ID: b3aa13c1d0720c8762f410fc1919e526
	at jdk.internal.reflect.DirectConstructorHandleAccessor.newInstance(DirectConstructorHandleAccessor.java:62) ~[?:?]
	at java.lang.reflect.Constructor.newInstanceWithCaller(Constructor.java:501) ~[?:?]
	at java.lang.reflect.Constructor.newInstance(Constructor.java:485) ~[?:?]
	at org.openqa.selenium.remote.ErrorCodec.decode(ErrorCodec.java:167) ~[selenium-remote-driver-4.25.0.jar:?]
	at org.openqa.selenium.remote.codec.w3c.W3CHttpResponseCodec.decode(W3CHttpResponseCodec.java:138) ~[selenium-remote-driver-4.25.0.jar:?]
	at org.openqa.selenium.remote.codec.w3c.W3CHttpResponseCodec.decode(W3CHttpResponseCodec.java:50) ~[selenium-remote-driver-4.25.0.jar:?]
	at org.openqa.selenium.remote.HttpCommandExecutor.execute(HttpCommandExecutor.java:190) ~[selenium-remote-driver-4.25.0.jar:?]
	at org.openqa.selenium.remote.service.DriverCommandExecutor.invokeExecute(DriverCommandExecutor.java:216) ~[selenium-remote-driver-4.25.0.jar:?]
	at org.openqa.selenium.remote.service.DriverCommandExecutor.execute(DriverCommandExecutor.java:174) ~[selenium-remote-driver-4.25.0.jar:?]
	at org.openqa.selenium.remote.RemoteWebDriver.execute(RemoteWebDriver.java:545) ~[selenium-remote-driver-4.25.0.jar:?]
	at org.openqa.selenium.remote.RemoteWebElement.execute(RemoteWebElement.java:223) ~[selenium-remote-driver-4.25.0.jar:?]
	at org.openqa.selenium.remote.RemoteWebElement.click(RemoteWebElement.java:76) ~[selenium-remote-driver-4.25.0.jar:?]
	at pages.Agency.agency(Agency.java:47) ~[test-classes/:?]
	at tests.BookingTest.agent(BookingTest.java:75) ~[test-classes/:?]
	at jdk.internal.reflect.DirectMethodHandleAccessor.invoke(DirectMethodHandleAccessor.java:103) ~[?:?]
	at java.lang.reflect.Method.invoke(Method.java:580) ~[?:?]
	at org.testng.internal.invokers.MethodInvocationHelper.invokeMethod(MethodInvocationHelper.java:141) ~[testng-7.10.0.jar:7.10.0]
	at org.testng.internal.invokers.TestInvoker.invokeMethod(TestInvoker.java:686) ~[testng-7.10.0.jar:7.10.0]
	at org.testng.internal.invokers.TestInvoker.invokeTestMethod(TestInvoker.java:230) ~[testng-7.10.0.jar:7.10.0]
	at org.testng.internal.invokers.MethodRunner.runInSequence(MethodRunner.java:63) ~[testng-7.10.0.jar:7.10.0]
	at org.testng.internal.invokers.TestInvoker$MethodInvocationAgent.invoke(TestInvoker.java:992) ~[testng-7.10.0.jar:7.10.0]
	at org.testng.internal.invokers.TestInvoker.invokeTestMethods(TestInvoker.java:203) ~[testng-7.10.0.jar:7.10.0]
	at org.testng.internal.invokers.TestMethodWorker.invokeTestMethods(TestMethodWorker.java:154) ~[testng-7.10.0.jar:7.10.0]
	at org.testng.internal.invokers.TestMethodWorker.run(TestMethodWorker.java:134) ~[testng-7.10.0.jar:7.10.0]
	at java.util.ArrayList.forEach(ArrayList.java:1597) [?:?]
	at org.testng.TestRunner.privateRun(TestRunner.java:739) [testng-7.10.0.jar:7.10.0]
	at org.testng.TestRunner.run(TestRunner.java:614) [testng-7.10.0.jar:7.10.0]
	at org.testng.SuiteRunner.runTest(SuiteRunner.java:421) [testng-7.10.0.jar:7.10.0]
	at org.testng.SuiteRunner.runSequentially(SuiteRunner.java:413) [testng-7.10.0.jar:7.10.0]
	at org.testng.SuiteRunner.privateRun(SuiteRunner.java:373) [testng-7.10.0.jar:7.10.0]
	at org.testng.SuiteRunner.run(SuiteRunner.java:312) [testng-7.10.0.jar:7.10.0]
	at org.testng.SuiteRunnerWorker.runSuite(SuiteRunnerWorker.java:52) [testng-7.10.0.jar:7.10.0]
	at org.testng.SuiteRunnerWorker.run(SuiteRunnerWorker.java:95) [testng-7.10.0.jar:7.10.0]
	at org.testng.TestNG.runSuitesSequentially(TestNG.java:1274) [testng-7.10.0.jar:7.10.0]
	at org.testng.TestNG.runSuitesLocally(TestNG.java:1208) [testng-7.10.0.jar:7.10.0]
	at org.testng.TestNG.runSuites(TestNG.java:1112) [testng-7.10.0.jar:7.10.0]
	at org.testng.TestNG.run(TestNG.java:1079) [testng-7.10.0.jar:7.10.0]
	at org.testng.remote.AbstractRemoteTestNG.run(AbstractRemoteTestNG.java:115) [testng-remote.jar:?]
	at org.testng.remote.RemoteTestNG.initAndRun(RemoteTestNG.java:293) [testng-remote.jar:?]
	at org.testng.remote.RemoteTestNG.main(RemoteTestNG.java:91) [testng-remote.jar:?]
-------------------------------------------------
Log End: 2024-10-24T19:57:56.071492700
-------------------------------------------------

